{"C:\\Projects\\scripts\\security\\npm-supply-chain-sentinel\\src\\application\\cli.ts": {"path":"C:\\Projects\\scripts\\security\\npm-supply-chain-sentinel\\src\\application\\cli.ts","statementMap":{"0":{"start":{"line":45,"column":6},"end":{"line":45,"column":null}},"1":{"start":{"line":46,"column":19},"end":{"line":46,"column":null}},"2":{"start":{"line":47,"column":6},"end":{"line":47,"column":null}},"3":{"start":{"line":74,"column":2},"end":{"line":76,"column":null}},"4":{"start":{"line":75,"column":4},"end":{"line":75,"column":null}},"5":{"start":{"line":77,"column":2},"end":{"line":77,"column":null}},"6":{"start":{"line":81,"column":2},"end":{"line":81,"column":null}},"7":{"start":{"line":85,"column":22},"end":{"line":85,"column":null}},"8":{"start":{"line":87,"column":2},"end":{"line":94,"column":null}},"9":{"start":{"line":88,"column":4},"end":{"line":88,"column":null}},"10":{"start":{"line":90,"column":4},"end":{"line":90,"column":null}},"11":{"start":{"line":91,"column":4},"end":{"line":91,"column":null}},"12":{"start":{"line":92,"column":4},"end":{"line":92,"column":null}},"13":{"start":{"line":93,"column":4},"end":{"line":93,"column":null}},"14":{"start":{"line":96,"column":2},"end":{"line":99,"column":null}},"15":{"start":{"line":97,"column":4},"end":{"line":97,"column":null}},"16":{"start":{"line":98,"column":4},"end":{"line":98,"column":null}},"17":{"start":{"line":102,"column":2},"end":{"line":108,"column":null}},"18":{"start":{"line":103,"column":4},"end":{"line":103,"column":null}},"19":{"start":{"line":105,"column":4},"end":{"line":105,"column":null}},"20":{"start":{"line":106,"column":4},"end":{"line":106,"column":null}},"21":{"start":{"line":107,"column":4},"end":{"line":107,"column":null}},"22":{"start":{"line":109,"column":8},"end":{"line":109,"column":null}},"23":{"start":{"line":111,"column":8},"end":{"line":111,"column":null}},"24":{"start":{"line":112,"column":2},"end":{"line":112,"column":null}},"25":{"start":{"line":113,"column":26},"end":{"line":123,"column":null}},"26":{"start":{"line":121,"column":26},"end":{"line":121,"column":48}},"27":{"start":{"line":124,"column":2},"end":{"line":124,"column":null}},"28":{"start":{"line":126,"column":8},"end":{"line":126,"column":null}},"29":{"start":{"line":127,"column":24},"end":{"line":131,"column":null}},"30":{"start":{"line":130,"column":15},"end":{"line":130,"column":null}},"31":{"start":{"line":132,"column":25},"end":{"line":132,"column":null}},"32":{"start":{"line":133,"column":2},"end":{"line":138,"column":null}},"33":{"start":{"line":139,"column":2},"end":{"line":139,"column":null}},"34":{"start":{"line":140,"column":2},"end":{"line":140,"column":null}},"35":{"start":{"line":141,"column":37},"end":{"line":141,"column":null}},"36":{"start":{"line":142,"column":2},"end":{"line":147,"column":null}},"37":{"start":{"line":149,"column":2},"end":{"line":154,"column":null}},"38":{"start":{"line":150,"column":4},"end":{"line":150,"column":null}},"39":{"start":{"line":151,"column":4},"end":{"line":151,"column":null}},"40":{"start":{"line":152,"column":4},"end":{"line":152,"column":null}},"41":{"start":{"line":153,"column":4},"end":{"line":153,"column":null}},"42":{"start":{"line":156,"column":2},"end":{"line":156,"column":null}},"43":{"start":{"line":157,"column":2},"end":{"line":157,"column":null}},"44":{"start":{"line":158,"column":2},"end":{"line":158,"column":null}},"45":{"start":{"line":160,"column":2},"end":{"line":160,"column":null}},"46":{"start":{"line":161,"column":8},"end":{"line":161,"column":null}},"47":{"start":{"line":162,"column":2},"end":{"line":167,"column":null}},"48":{"start":{"line":169,"column":23},"end":{"line":169,"column":null}},"49":{"start":{"line":170,"column":2},"end":{"line":182,"column":null}},"50":{"start":{"line":171,"column":4},"end":{"line":171,"column":null}},"51":{"start":{"line":172,"column":4},"end":{"line":181,"column":null}},"52":{"start":{"line":173,"column":6},"end":{"line":173,"column":null}},"53":{"start":{"line":174,"column":6},"end":{"line":174,"column":null}},"54":{"start":{"line":176,"column":6},"end":{"line":180,"column":null}},"55":{"start":{"line":184,"column":20},"end":{"line":184,"column":null}},"56":{"start":{"line":185,"column":2},"end":{"line":198,"column":null}},"57":{"start":{"line":186,"column":4},"end":{"line":186,"column":null}},"58":{"start":{"line":187,"column":4},"end":{"line":197,"column":null}},"59":{"start":{"line":188,"column":6},"end":{"line":188,"column":null}},"60":{"start":{"line":189,"column":6},"end":{"line":189,"column":null}},"61":{"start":{"line":190,"column":6},"end":{"line":190,"column":null}},"62":{"start":{"line":192,"column":6},"end":{"line":196,"column":null}},"63":{"start":{"line":200,"column":2},"end":{"line":200,"column":null}},"64":{"start":{"line":201,"column":8},"end":{"line":201,"column":null}},"65":{"start":{"line":202,"column":2},"end":{"line":209,"column":null}},"66":{"start":{"line":210,"column":22},"end":{"line":210,"column":null}},"67":{"start":{"line":211,"column":2},"end":{"line":229,"column":null}},"68":{"start":{"line":212,"column":4},"end":{"line":212,"column":null}},"69":{"start":{"line":213,"column":4},"end":{"line":213,"column":null}},"70":{"start":{"line":214,"column":4},"end":{"line":220,"column":null}},"71":{"start":{"line":215,"column":6},"end":{"line":219,"column":null}},"72":{"start":{"line":221,"column":4},"end":{"line":228,"column":null}},"73":{"start":{"line":231,"column":2},"end":{"line":231,"column":null}},"74":{"start":{"line":232,"column":2},"end":{"line":232,"column":null}},"75":{"start":{"line":234,"column":8},"end":{"line":245,"column":null}},"76":{"start":{"line":246,"column":8},"end":{"line":246,"column":null}},"77":{"start":{"line":247,"column":27},"end":{"line":251,"column":null}},"78":{"start":{"line":252,"column":2},"end":{"line":262,"column":null}},"79":{"start":{"line":253,"column":4},"end":{"line":257,"column":null}},"80":{"start":{"line":259,"column":4},"end":{"line":259,"column":null}},"81":{"start":{"line":260,"column":4},"end":{"line":260,"column":null}},"82":{"start":{"line":261,"column":4},"end":{"line":261,"column":null}},"83":{"start":{"line":264,"column":8},"end":{"line":264,"column":null}},"84":{"start":{"line":265,"column":29},"end":{"line":265,"column":null}},"85":{"start":{"line":266,"column":2},"end":{"line":269,"column":null}},"86":{"start":{"line":270,"column":2},"end":{"line":275,"column":null}},"87":{"start":{"line":279,"column":2},"end":{"line":325,"column":null}},"88":{"start":{"line":329,"column":24},"end":{"line":344,"column":null}},"89":{"start":{"line":346,"column":2},"end":{"line":483,"column":null}},"90":{"start":{"line":346,"column":19},"end":{"line":346,"column":22}},"91":{"start":{"line":347,"column":18},"end":{"line":347,"column":null}},"92":{"start":{"line":348,"column":4},"end":{"line":350,"column":null}},"93":{"start":{"line":349,"column":6},"end":{"line":349,"column":null}},"94":{"start":{"line":352,"column":4},"end":{"line":360,"column":null}},"95":{"start":{"line":353,"column":20},"end":{"line":353,"column":null}},"96":{"start":{"line":354,"column":6},"end":{"line":356,"column":null}},"97":{"start":{"line":355,"column":8},"end":{"line":355,"column":null}},"98":{"start":{"line":357,"column":6},"end":{"line":357,"column":null}},"99":{"start":{"line":358,"column":6},"end":{"line":358,"column":null}},"100":{"start":{"line":359,"column":6},"end":{"line":359,"column":null}},"101":{"start":{"line":362,"column":4},"end":{"line":365,"column":null}},"102":{"start":{"line":363,"column":6},"end":{"line":363,"column":null}},"103":{"start":{"line":364,"column":6},"end":{"line":364,"column":null}},"104":{"start":{"line":367,"column":4},"end":{"line":379,"column":null}},"105":{"start":{"line":368,"column":20},"end":{"line":368,"column":null}},"106":{"start":{"line":369,"column":6},"end":{"line":371,"column":null}},"107":{"start":{"line":370,"column":8},"end":{"line":370,"column":null}},"108":{"start":{"line":372,"column":21},"end":{"line":372,"column":null}},"109":{"start":{"line":373,"column":6},"end":{"line":375,"column":null}},"110":{"start":{"line":374,"column":8},"end":{"line":374,"column":null}},"111":{"start":{"line":376,"column":6},"end":{"line":376,"column":null}},"112":{"start":{"line":377,"column":6},"end":{"line":377,"column":null}},"113":{"start":{"line":378,"column":6},"end":{"line":378,"column":null}},"114":{"start":{"line":381,"column":4},"end":{"line":384,"column":null}},"115":{"start":{"line":382,"column":6},"end":{"line":382,"column":null}},"116":{"start":{"line":383,"column":6},"end":{"line":383,"column":null}},"117":{"start":{"line":386,"column":4},"end":{"line":394,"column":null}},"118":{"start":{"line":387,"column":20},"end":{"line":387,"column":null}},"119":{"start":{"line":388,"column":6},"end":{"line":390,"column":null}},"120":{"start":{"line":389,"column":8},"end":{"line":389,"column":null}},"121":{"start":{"line":391,"column":6},"end":{"line":391,"column":null}},"122":{"start":{"line":392,"column":6},"end":{"line":392,"column":null}},"123":{"start":{"line":393,"column":6},"end":{"line":393,"column":null}},"124":{"start":{"line":396,"column":4},"end":{"line":404,"column":null}},"125":{"start":{"line":397,"column":20},"end":{"line":397,"column":null}},"126":{"start":{"line":398,"column":6},"end":{"line":400,"column":null}},"127":{"start":{"line":399,"column":8},"end":{"line":399,"column":null}},"128":{"start":{"line":401,"column":6},"end":{"line":401,"column":null}},"129":{"start":{"line":402,"column":6},"end":{"line":402,"column":null}},"130":{"start":{"line":403,"column":6},"end":{"line":403,"column":null}},"131":{"start":{"line":406,"column":4},"end":{"line":409,"column":null}},"132":{"start":{"line":407,"column":6},"end":{"line":407,"column":null}},"133":{"start":{"line":408,"column":6},"end":{"line":408,"column":null}},"134":{"start":{"line":411,"column":4},"end":{"line":414,"column":null}},"135":{"start":{"line":412,"column":6},"end":{"line":412,"column":null}},"136":{"start":{"line":413,"column":6},"end":{"line":413,"column":null}},"137":{"start":{"line":416,"column":4},"end":{"line":424,"column":null}},"138":{"start":{"line":417,"column":20},"end":{"line":417,"column":null}},"139":{"start":{"line":418,"column":6},"end":{"line":420,"column":null}},"140":{"start":{"line":419,"column":8},"end":{"line":419,"column":null}},"141":{"start":{"line":421,"column":6},"end":{"line":421,"column":null}},"142":{"start":{"line":422,"column":6},"end":{"line":422,"column":null}},"143":{"start":{"line":423,"column":6},"end":{"line":423,"column":null}},"144":{"start":{"line":426,"column":4},"end":{"line":429,"column":null}},"145":{"start":{"line":427,"column":6},"end":{"line":427,"column":null}},"146":{"start":{"line":428,"column":6},"end":{"line":428,"column":null}},"147":{"start":{"line":431,"column":4},"end":{"line":434,"column":null}},"148":{"start":{"line":432,"column":6},"end":{"line":432,"column":null}},"149":{"start":{"line":433,"column":6},"end":{"line":433,"column":null}},"150":{"start":{"line":436,"column":4},"end":{"line":444,"column":null}},"151":{"start":{"line":437,"column":20},"end":{"line":437,"column":null}},"152":{"start":{"line":438,"column":6},"end":{"line":440,"column":null}},"153":{"start":{"line":439,"column":8},"end":{"line":439,"column":null}},"154":{"start":{"line":441,"column":6},"end":{"line":441,"column":null}},"155":{"start":{"line":442,"column":6},"end":{"line":442,"column":null}},"156":{"start":{"line":443,"column":6},"end":{"line":443,"column":null}},"157":{"start":{"line":446,"column":4},"end":{"line":455,"column":null}},"158":{"start":{"line":447,"column":20},"end":{"line":447,"column":null}},"159":{"start":{"line":448,"column":21},"end":{"line":448,"column":null}},"160":{"start":{"line":449,"column":6},"end":{"line":451,"column":null}},"161":{"start":{"line":450,"column":8},"end":{"line":450,"column":null}},"162":{"start":{"line":452,"column":6},"end":{"line":452,"column":null}},"163":{"start":{"line":453,"column":6},"end":{"line":453,"column":null}},"164":{"start":{"line":454,"column":6},"end":{"line":454,"column":null}},"165":{"start":{"line":457,"column":4},"end":{"line":460,"column":null}},"166":{"start":{"line":458,"column":6},"end":{"line":458,"column":null}},"167":{"start":{"line":459,"column":6},"end":{"line":459,"column":null}},"168":{"start":{"line":462,"column":4},"end":{"line":465,"column":null}},"169":{"start":{"line":463,"column":6},"end":{"line":463,"column":null}},"170":{"start":{"line":464,"column":6},"end":{"line":464,"column":null}},"171":{"start":{"line":467,"column":4},"end":{"line":470,"column":null}},"172":{"start":{"line":468,"column":6},"end":{"line":468,"column":null}},"173":{"start":{"line":469,"column":6},"end":{"line":469,"column":null}},"174":{"start":{"line":472,"column":4},"end":{"line":475,"column":null}},"175":{"start":{"line":473,"column":6},"end":{"line":473,"column":null}},"176":{"start":{"line":474,"column":6},"end":{"line":474,"column":null}},"177":{"start":{"line":477,"column":4},"end":{"line":480,"column":null}},"178":{"start":{"line":478,"column":6},"end":{"line":478,"column":null}},"179":{"start":{"line":479,"column":6},"end":{"line":479,"column":null}},"180":{"start":{"line":482,"column":4},"end":{"line":482,"column":null}},"181":{"start":{"line":485,"column":2},"end":{"line":487,"column":null}},"182":{"start":{"line":486,"column":4},"end":{"line":486,"column":null}},"183":{"start":{"line":488,"column":2},"end":{"line":488,"column":null}},"184":{"start":{"line":492,"column":2},"end":{"line":495,"column":null}},"185":{"start":{"line":499,"column":2},"end":{"line":501,"column":null}},"186":{"start":{"line":500,"column":4},"end":{"line":500,"column":null}},"187":{"start":{"line":502,"column":2},"end":{"line":502,"column":null}},"188":{"start":{"line":503,"column":2},"end":{"line":505,"column":null}},"189":{"start":{"line":509,"column":25},"end":{"line":509,"column":null}},"190":{"start":{"line":510,"column":23},"end":{"line":510,"column":null}},"191":{"start":{"line":511,"column":16},"end":{"line":511,"column":null}},"192":{"start":{"line":512,"column":18},"end":{"line":512,"column":null}},"193":{"start":{"line":513,"column":18},"end":{"line":513,"column":null}},"194":{"start":{"line":514,"column":23},"end":{"line":514,"column":null}},"195":{"start":{"line":515,"column":2},"end":{"line":515,"column":null}},"196":{"start":{"line":515,"column":53},"end":{"line":515,"column":83}},"197":{"start":{"line":519,"column":2},"end":{"line":521,"column":null}},"198":{"start":{"line":520,"column":4},"end":{"line":520,"column":null}},"199":{"start":{"line":522,"column":2},"end":{"line":527,"column":null}},"200":{"start":{"line":523,"column":4},"end":{"line":525,"column":null}},"201":{"start":{"line":526,"column":4},"end":{"line":526,"column":null}},"202":{"start":{"line":528,"column":2},"end":{"line":536,"column":null}},"203":{"start":{"line":529,"column":20},"end":{"line":531,"column":null}},"204":{"start":{"line":532,"column":4},"end":{"line":534,"column":null}},"205":{"start":{"line":535,"column":4},"end":{"line":535,"column":null}},"206":{"start":{"line":537,"column":2},"end":{"line":542,"column":null}},"207":{"start":{"line":538,"column":24},"end":{"line":538,"column":null}},"208":{"start":{"line":539,"column":4},"end":{"line":541,"column":null}},"209":{"start":{"line":552,"column":2},"end":{"line":554,"column":null}},"210":{"start":{"line":553,"column":4},"end":{"line":553,"column":null}},"211":{"start":{"line":555,"column":2},"end":{"line":555,"column":null}},"212":{"start":{"line":563,"column":2},"end":{"line":565,"column":null}},"213":{"start":{"line":564,"column":4},"end":{"line":564,"column":null}},"214":{"start":{"line":566,"column":2},"end":{"line":570,"column":null}},"215":{"start":{"line":567,"column":4},"end":{"line":569,"column":null}}},"fnMap":{"0":{"name":"toErrorMessage","decl":{"start":{"line":73,"column":9},"end":{"line":73,"column":24}},"loc":{"start":{"line":73,"column":48},"end":{"line":78,"column":null}},"line":73},"1":{"name":"isPreflightMode","decl":{"start":{"line":80,"column":9},"end":{"line":80,"column":25}},"loc":{"start":{"line":80,"column":64},"end":{"line":82,"column":null}},"line":80},"2":{"name":"main","decl":{"start":{"line":84,"column":22},"end":{"line":84,"column":29}},"loc":{"start":{"line":84,"column":29},"end":{"line":276,"column":null}},"line":84},"3":{"name":"(anonymous_3)","decl":{"start":{"line":121,"column":8},"end":{"line":121,"column":13}},"loc":{"start":{"line":121,"column":26},"end":{"line":121,"column":48}},"line":121},"4":{"name":"(anonymous_4)","decl":{"start":{"line":129,"column":58},"end":{"line":129,"column":null}},"loc":{"start":{"line":130,"column":15},"end":{"line":130,"column":null}},"line":130},"5":{"name":"printHelp","decl":{"start":{"line":278,"column":9},"end":{"line":278,"column":21}},"loc":{"start":{"line":278,"column":21},"end":{"line":326,"column":null}},"line":278},"6":{"name":"parseArgs","decl":{"start":{"line":328,"column":9},"end":{"line":328,"column":19}},"loc":{"start":{"line":328,"column":53},"end":{"line":489,"column":null}},"line":328},"7":{"name":"createStageLogger","decl":{"start":{"line":491,"column":9},"end":{"line":491,"column":42}},"loc":{"start":{"line":491,"column":42},"end":{"line":496,"column":null}},"line":491},"8":{"name":"logStageIfVerbose","decl":{"start":{"line":498,"column":9},"end":{"line":498,"column":27}},"loc":{"start":{"line":498,"column":109},"end":{"line":506,"column":null}},"line":498},"9":{"name":"formatStageDuration","decl":{"start":{"line":508,"column":9},"end":{"line":508,"column":29}},"loc":{"start":{"line":508,"column":57},"end":{"line":516,"column":null}},"line":508},"10":{"name":"(anonymous_10)","decl":{"start":{"line":515,"column":38},"end":{"line":515,"column":43}},"loc":{"start":{"line":515,"column":53},"end":{"line":515,"column":83}},"line":515},"11":{"name":"logPreflightIfVerbose","decl":{"start":{"line":518,"column":9},"end":{"line":518,"column":31}},"loc":{"start":{"line":518,"column":109},"end":{"line":543,"column":null}},"line":518},"12":{"name":"buildPreflightCompleteDetail","decl":{"start":{"line":545,"column":9},"end":{"line":545,"column":null}},"loc":{"start":{"line":551,"column":10},"end":{"line":556,"column":null}},"line":551},"13":{"name":"logHeaviestPreflightTasksIfVerbose","decl":{"start":{"line":558,"column":9},"end":{"line":558,"column":null}},"loc":{"start":{"line":562,"column":8},"end":{"line":571,"column":null}},"line":562}},"branchMap":{"0":{"loc":{"start":{"line":74,"column":2},"end":{"line":76,"column":null}},"type":"if","locations":[{"start":{"line":74,"column":2},"end":{"line":76,"column":null}},{"start":{},"end":{}}],"line":74},"1":{"loc":{"start":{"line":81,"column":9},"end":{"line":81,"column":null}},"type":"binary-expr","locations":[{"start":{"line":81,"column":9},"end":{"line":81,"column":42}},{"start":{"line":81,"column":42},"end":{"line":81,"column":null}}],"line":81},"2":{"loc":{"start":{"line":96,"column":2},"end":{"line":99,"column":null}},"type":"if","locations":[{"start":{"line":96,"column":2},"end":{"line":99,"column":null}},{"start":{},"end":{}}],"line":96},"3":{"loc":{"start":{"line":116,"column":8},"end":{"line":120,"column":null}},"type":"cond-expr","locations":[{"start":{"line":116,"column":22},"end":{"line":117,"column":null}},{"start":{"line":118,"column":12},"end":{"line":120,"column":null}}],"line":116},"4":{"loc":{"start":{"line":118,"column":12},"end":{"line":120,"column":null}},"type":"cond-expr","locations":[{"start":{"line":119,"column":14},"end":{"line":119,"column":null}},{"start":{"line":120,"column":14},"end":{"line":120,"column":null}}],"line":118},"5":{"loc":{"start":{"line":132,"column":25},"end":{"line":132,"column":null}},"type":"binary-expr","locations":[{"start":{"line":132,"column":25},"end":{"line":132,"column":57}},{"start":{"line":132,"column":57},"end":{"line":132,"column":null}}],"line":132},"6":{"loc":{"start":{"line":149,"column":2},"end":{"line":154,"column":null}},"type":"if","locations":[{"start":{"line":149,"column":2},"end":{"line":154,"column":null}},{"start":{},"end":{}}],"line":149},"7":{"loc":{"start":{"line":170,"column":2},"end":{"line":182,"column":null}},"type":"if","locations":[{"start":{"line":170,"column":2},"end":{"line":182,"column":null}},{"start":{},"end":{}}],"line":170},"8":{"loc":{"start":{"line":184,"column":20},"end":{"line":184,"column":null}},"type":"cond-expr","locations":[{"start":{"line":184,"column":25},"end":{"line":184,"column":70}},{"start":{"line":184,"column":66},"end":{"line":184,"column":null}}],"line":184},"9":{"loc":{"start":{"line":185,"column":2},"end":{"line":198,"column":null}},"type":"if","locations":[{"start":{"line":185,"column":2},"end":{"line":198,"column":null}},{"start":{},"end":{}}],"line":185},"10":{"loc":{"start":{"line":206,"column":4},"end":{"line":208,"column":null}},"type":"cond-expr","locations":[{"start":{"line":207,"column":8},"end":{"line":207,"column":null}},{"start":{"line":208,"column":8},"end":{"line":208,"column":null}}],"line":206},"11":{"loc":{"start":{"line":211,"column":2},"end":{"line":229,"column":null}},"type":"if","locations":[{"start":{"line":211,"column":2},"end":{"line":229,"column":null}},{"start":{},"end":{}}],"line":211},"12":{"loc":{"start":{"line":214,"column":4},"end":{"line":220,"column":null}},"type":"if","locations":[{"start":{"line":214,"column":4},"end":{"line":220,"column":null}},{"start":{},"end":{}}],"line":214},"13":{"loc":{"start":{"line":214,"column":8},"end":{"line":214,"column":66}},"type":"binary-expr","locations":[{"start":{"line":214,"column":8},"end":{"line":214,"column":32}},{"start":{"line":214,"column":32},"end":{"line":214,"column":66}}],"line":214},"14":{"loc":{"start":{"line":217,"column":14},"end":{"line":217,"column":null}},"type":"binary-expr","locations":[{"start":{"line":217,"column":14},"end":{"line":217,"column":40}},{"start":{"line":217,"column":40},"end":{"line":217,"column":null}}],"line":217},"15":{"loc":{"start":{"line":225,"column":6},"end":{"line":227,"column":null}},"type":"cond-expr","locations":[{"start":{"line":226,"column":10},"end":{"line":226,"column":null}},{"start":{"line":227,"column":10},"end":{"line":227,"column":null}}],"line":225},"16":{"loc":{"start":{"line":227,"column":54},"end":{"line":227,"column":null}},"type":"binary-expr","locations":[{"start":{"line":227,"column":54},"end":{"line":227,"column":81}},{"start":{"line":227,"column":81},"end":{"line":227,"column":null}}],"line":227},"17":{"loc":{"start":{"line":247,"column":27},"end":{"line":251,"column":null}},"type":"cond-expr","locations":[{"start":{"line":248,"column":6},"end":{"line":248,"column":null}},{"start":{"line":249,"column":6},"end":{"line":251,"column":null}}],"line":247},"18":{"loc":{"start":{"line":249,"column":6},"end":{"line":251,"column":null}},"type":"cond-expr","locations":[{"start":{"line":250,"column":8},"end":{"line":250,"column":null}},{"start":{"line":250,"column":8},"end":{"line":251,"column":null}}],"line":249},"19":{"loc":{"start":{"line":265,"column":29},"end":{"line":265,"column":null}},"type":"binary-expr","locations":[{"start":{"line":265,"column":29},"end":{"line":265,"column":68}},{"start":{"line":265,"column":68},"end":{"line":265,"column":null}}],"line":265},"20":{"loc":{"start":{"line":267,"column":4},"end":{"line":269,"column":null}},"type":"cond-expr","locations":[{"start":{"line":268,"column":8},"end":{"line":268,"column":null}},{"start":{"line":269,"column":8},"end":{"line":269,"column":null}}],"line":267},"21":{"loc":{"start":{"line":267,"column":4},"end":{"line":267,"column":null}},"type":"binary-expr","locations":[{"start":{"line":267,"column":4},"end":{"line":267,"column":30}},{"start":{"line":267,"column":30},"end":{"line":267,"column":60}},{"start":{"line":267,"column":60},"end":{"line":267,"column":89}},{"start":{"line":267,"column":89},"end":{"line":267,"column":null}}],"line":267},"22":{"loc":{"start":{"line":348,"column":4},"end":{"line":350,"column":null}},"type":"if","locations":[{"start":{"line":348,"column":4},"end":{"line":350,"column":null}},{"start":{},"end":{}}],"line":348},"23":{"loc":{"start":{"line":352,"column":4},"end":{"line":360,"column":null}},"type":"if","locations":[{"start":{"line":352,"column":4},"end":{"line":360,"column":null}},{"start":{},"end":{}}],"line":352},"24":{"loc":{"start":{"line":354,"column":6},"end":{"line":356,"column":null}},"type":"if","locations":[{"start":{"line":354,"column":6},"end":{"line":356,"column":null}},{"start":{},"end":{}}],"line":354},"25":{"loc":{"start":{"line":354,"column":10},"end":{"line":354,"column":59}},"type":"binary-expr","locations":[{"start":{"line":354,"column":10},"end":{"line":354,"column":39}},{"start":{"line":354,"column":39},"end":{"line":354,"column":59}}],"line":354},"26":{"loc":{"start":{"line":362,"column":4},"end":{"line":365,"column":null}},"type":"if","locations":[{"start":{"line":362,"column":4},"end":{"line":365,"column":null}},{"start":{},"end":{}}],"line":362},"27":{"loc":{"start":{"line":362,"column":8},"end":{"line":362,"column":63}},"type":"binary-expr","locations":[{"start":{"line":362,"column":8},"end":{"line":362,"column":38}},{"start":{"line":362,"column":38},"end":{"line":362,"column":63}}],"line":362},"28":{"loc":{"start":{"line":367,"column":4},"end":{"line":379,"column":null}},"type":"if","locations":[{"start":{"line":367,"column":4},"end":{"line":379,"column":null}},{"start":{},"end":{}}],"line":367},"29":{"loc":{"start":{"line":369,"column":6},"end":{"line":371,"column":null}},"type":"if","locations":[{"start":{"line":369,"column":6},"end":{"line":371,"column":null}},{"start":{},"end":{}}],"line":369},"30":{"loc":{"start":{"line":369,"column":10},"end":{"line":369,"column":59}},"type":"binary-expr","locations":[{"start":{"line":369,"column":10},"end":{"line":369,"column":39}},{"start":{"line":369,"column":39},"end":{"line":369,"column":59}}],"line":369},"31":{"loc":{"start":{"line":373,"column":6},"end":{"line":375,"column":null}},"type":"if","locations":[{"start":{"line":373,"column":6},"end":{"line":375,"column":null}},{"start":{},"end":{}}],"line":373},"32":{"loc":{"start":{"line":373,"column":10},"end":{"line":373,"column":51}},"type":"binary-expr","locations":[{"start":{"line":373,"column":10},"end":{"line":373,"column":39}},{"start":{"line":373,"column":39},"end":{"line":373,"column":51}}],"line":373},"33":{"loc":{"start":{"line":381,"column":4},"end":{"line":384,"column":null}},"type":"if","locations":[{"start":{"line":381,"column":4},"end":{"line":384,"column":null}},{"start":{},"end":{}}],"line":381},"34":{"loc":{"start":{"line":386,"column":4},"end":{"line":394,"column":null}},"type":"if","locations":[{"start":{"line":386,"column":4},"end":{"line":394,"column":null}},{"start":{},"end":{}}],"line":386},"35":{"loc":{"start":{"line":388,"column":6},"end":{"line":390,"column":null}},"type":"if","locations":[{"start":{"line":388,"column":6},"end":{"line":390,"column":null}},{"start":{},"end":{}}],"line":388},"36":{"loc":{"start":{"line":388,"column":10},"end":{"line":388,"column":59}},"type":"binary-expr","locations":[{"start":{"line":388,"column":10},"end":{"line":388,"column":39}},{"start":{"line":388,"column":39},"end":{"line":388,"column":59}}],"line":388},"37":{"loc":{"start":{"line":396,"column":4},"end":{"line":404,"column":null}},"type":"if","locations":[{"start":{"line":396,"column":4},"end":{"line":404,"column":null}},{"start":{},"end":{}}],"line":396},"38":{"loc":{"start":{"line":398,"column":6},"end":{"line":400,"column":null}},"type":"if","locations":[{"start":{"line":398,"column":6},"end":{"line":400,"column":null}},{"start":{},"end":{}}],"line":398},"39":{"loc":{"start":{"line":398,"column":10},"end":{"line":398,"column":59}},"type":"binary-expr","locations":[{"start":{"line":398,"column":10},"end":{"line":398,"column":39}},{"start":{"line":398,"column":39},"end":{"line":398,"column":59}}],"line":398},"40":{"loc":{"start":{"line":406,"column":4},"end":{"line":409,"column":null}},"type":"if","locations":[{"start":{"line":406,"column":4},"end":{"line":409,"column":null}},{"start":{},"end":{}}],"line":406},"41":{"loc":{"start":{"line":411,"column":4},"end":{"line":414,"column":null}},"type":"if","locations":[{"start":{"line":411,"column":4},"end":{"line":414,"column":null}},{"start":{},"end":{}}],"line":411},"42":{"loc":{"start":{"line":416,"column":4},"end":{"line":424,"column":null}},"type":"if","locations":[{"start":{"line":416,"column":4},"end":{"line":424,"column":null}},{"start":{},"end":{}}],"line":416},"43":{"loc":{"start":{"line":418,"column":6},"end":{"line":420,"column":null}},"type":"if","locations":[{"start":{"line":418,"column":6},"end":{"line":420,"column":null}},{"start":{},"end":{}}],"line":418},"44":{"loc":{"start":{"line":418,"column":10},"end":{"line":418,"column":59}},"type":"binary-expr","locations":[{"start":{"line":418,"column":10},"end":{"line":418,"column":39}},{"start":{"line":418,"column":39},"end":{"line":418,"column":59}}],"line":418},"45":{"loc":{"start":{"line":426,"column":4},"end":{"line":429,"column":null}},"type":"if","locations":[{"start":{"line":426,"column":4},"end":{"line":429,"column":null}},{"start":{},"end":{}}],"line":426},"46":{"loc":{"start":{"line":431,"column":4},"end":{"line":434,"column":null}},"type":"if","locations":[{"start":{"line":431,"column":4},"end":{"line":434,"column":null}},{"start":{},"end":{}}],"line":431},"47":{"loc":{"start":{"line":436,"column":4},"end":{"line":444,"column":null}},"type":"if","locations":[{"start":{"line":436,"column":4},"end":{"line":444,"column":null}},{"start":{},"end":{}}],"line":436},"48":{"loc":{"start":{"line":438,"column":6},"end":{"line":440,"column":null}},"type":"if","locations":[{"start":{"line":438,"column":6},"end":{"line":440,"column":null}},{"start":{},"end":{}}],"line":438},"49":{"loc":{"start":{"line":438,"column":10},"end":{"line":438,"column":64}},"type":"binary-expr","locations":[{"start":{"line":438,"column":10},"end":{"line":438,"column":39}},{"start":{"line":438,"column":39},"end":{"line":438,"column":64}}],"line":438},"50":{"loc":{"start":{"line":446,"column":4},"end":{"line":455,"column":null}},"type":"if","locations":[{"start":{"line":446,"column":4},"end":{"line":455,"column":null}},{"start":{},"end":{}}],"line":446},"51":{"loc":{"start":{"line":448,"column":37},"end":{"line":448,"column":50}},"type":"binary-expr","locations":[{"start":{"line":448,"column":37},"end":{"line":448,"column":46}},{"start":{"line":448,"column":46},"end":{"line":448,"column":50}}],"line":448},"52":{"loc":{"start":{"line":449,"column":6},"end":{"line":451,"column":null}},"type":"if","locations":[{"start":{"line":449,"column":6},"end":{"line":451,"column":null}},{"start":{},"end":{}}],"line":449},"53":{"loc":{"start":{"line":449,"column":10},"end":{"line":449,"column":51}},"type":"binary-expr","locations":[{"start":{"line":449,"column":10},"end":{"line":449,"column":39}},{"start":{"line":449,"column":39},"end":{"line":449,"column":51}}],"line":449},"54":{"loc":{"start":{"line":457,"column":4},"end":{"line":460,"column":null}},"type":"if","locations":[{"start":{"line":457,"column":4},"end":{"line":460,"column":null}},{"start":{},"end":{}}],"line":457},"55":{"loc":{"start":{"line":462,"column":4},"end":{"line":465,"column":null}},"type":"if","locations":[{"start":{"line":462,"column":4},"end":{"line":465,"column":null}},{"start":{},"end":{}}],"line":462},"56":{"loc":{"start":{"line":462,"column":8},"end":{"line":462,"column":74}},"type":"binary-expr","locations":[{"start":{"line":462,"column":8},"end":{"line":462,"column":39}},{"start":{"line":462,"column":39},"end":{"line":462,"column":74}}],"line":462},"57":{"loc":{"start":{"line":467,"column":4},"end":{"line":470,"column":null}},"type":"if","locations":[{"start":{"line":467,"column":4},"end":{"line":470,"column":null}},{"start":{},"end":{}}],"line":467},"58":{"loc":{"start":{"line":472,"column":4},"end":{"line":475,"column":null}},"type":"if","locations":[{"start":{"line":472,"column":4},"end":{"line":475,"column":null}},{"start":{},"end":{}}],"line":472},"59":{"loc":{"start":{"line":477,"column":4},"end":{"line":480,"column":null}},"type":"if","locations":[{"start":{"line":477,"column":4},"end":{"line":480,"column":null}},{"start":{},"end":{}}],"line":477},"60":{"loc":{"start":{"line":477,"column":8},"end":{"line":477,"column":46}},"type":"binary-expr","locations":[{"start":{"line":477,"column":8},"end":{"line":477,"column":30}},{"start":{"line":477,"column":30},"end":{"line":477,"column":46}}],"line":477},"61":{"loc":{"start":{"line":485,"column":2},"end":{"line":487,"column":null}},"type":"if","locations":[{"start":{"line":485,"column":2},"end":{"line":487,"column":null}},{"start":{},"end":{}}],"line":485},"62":{"loc":{"start":{"line":485,"column":6},"end":{"line":485,"column":64}},"type":"binary-expr","locations":[{"start":{"line":485,"column":6},"end":{"line":485,"column":41}},{"start":{"line":485,"column":41},"end":{"line":485,"column":64}}],"line":485},"63":{"loc":{"start":{"line":499,"column":2},"end":{"line":501,"column":null}},"type":"if","locations":[{"start":{"line":499,"column":2},"end":{"line":501,"column":null}},{"start":{},"end":{}}],"line":499},"64":{"loc":{"start":{"line":519,"column":2},"end":{"line":521,"column":null}},"type":"if","locations":[{"start":{"line":519,"column":2},"end":{"line":521,"column":null}},{"start":{},"end":{}}],"line":519},"65":{"loc":{"start":{"line":519,"column":6},"end":{"line":519,"column":63}},"type":"binary-expr","locations":[{"start":{"line":519,"column":6},"end":{"line":519,"column":23}},{"start":{"line":519,"column":23},"end":{"line":519,"column":63}}],"line":519},"66":{"loc":{"start":{"line":522,"column":2},"end":{"line":527,"column":null}},"type":"if","locations":[{"start":{"line":522,"column":2},"end":{"line":527,"column":null}},{"start":{},"end":{}}],"line":522},"67":{"loc":{"start":{"line":528,"column":2},"end":{"line":536,"column":null}},"type":"if","locations":[{"start":{"line":528,"column":2},"end":{"line":536,"column":null}},{"start":{},"end":{}}],"line":528},"68":{"loc":{"start":{"line":529,"column":20},"end":{"line":531,"column":null}},"type":"cond-expr","locations":[{"start":{"line":530,"column":8},"end":{"line":530,"column":null}},{"start":{"line":531,"column":8},"end":{"line":531,"column":null}}],"line":529},"69":{"loc":{"start":{"line":537,"column":2},"end":{"line":542,"column":null}},"type":"if","locations":[{"start":{"line":537,"column":2},"end":{"line":542,"column":null}},{"start":{},"end":{}}],"line":537},"70":{"loc":{"start":{"line":552,"column":2},"end":{"line":554,"column":null}},"type":"if","locations":[{"start":{"line":552,"column":2},"end":{"line":554,"column":null}},{"start":{},"end":{}}],"line":552},"71":{"loc":{"start":{"line":553,"column":422},"end":{"line":553,"column":null}},"type":"binary-expr","locations":[{"start":{"line":553,"column":422},"end":{"line":553,"column":468}},{"start":{"line":553,"column":468},"end":{"line":553,"column":null}}],"line":553},"72":{"loc":{"start":{"line":563,"column":2},"end":{"line":565,"column":null}},"type":"if","locations":[{"start":{"line":563,"column":2},"end":{"line":565,"column":null}},{"start":{},"end":{}}],"line":563},"73":{"loc":{"start":{"line":563,"column":6},"end":{"line":563,"column":67}},"type":"binary-expr","locations":[{"start":{"line":563,"column":6},"end":{"line":563,"column":23}},{"start":{"line":563,"column":23},"end":{"line":563,"column":67}}],"line":563}},"s":{"0":0,"1":0,"2":0,"3":0,"4":0,"5":0,"6":0,"7":0,"8":0,"9":0,"10":0,"11":0,"12":0,"13":0,"14":0,"15":0,"16":0,"17":0,"18":0,"19":0,"20":0,"21":0,"22":0,"23":0,"24":0,"25":0,"26":0,"27":0,"28":0,"29":0,"30":0,"31":0,"32":0,"33":0,"34":0,"35":0,"36":0,"37":0,"38":0,"39":0,"40":0,"41":0,"42":0,"43":0,"44":0,"45":0,"46":0,"47":0,"48":0,"49":0,"50":0,"51":0,"52":0,"53":0,"54":0,"55":0,"56":0,"57":0,"58":0,"59":0,"60":0,"61":0,"62":0,"63":0,"64":0,"65":0,"66":0,"67":0,"68":0,"69":0,"70":0,"71":0,"72":0,"73":0,"74":0,"75":0,"76":0,"77":0,"78":0,"79":0,"80":0,"81":0,"82":0,"83":0,"84":0,"85":0,"86":0,"87":0,"88":0,"89":0,"90":0,"91":0,"92":0,"93":0,"94":0,"95":0,"96":0,"97":0,"98":0,"99":0,"100":0,"101":0,"102":0,"103":0,"104":0,"105":0,"106":0,"107":0,"108":0,"109":0,"110":0,"111":0,"112":0,"113":0,"114":0,"115":0,"116":0,"117":0,"118":0,"119":0,"120":0,"121":0,"122":0,"123":0,"124":0,"125":0,"126":0,"127":0,"128":0,"129":0,"130":0,"131":0,"132":0,"133":0,"134":0,"135":0,"136":0,"137":0,"138":0,"139":0,"140":0,"141":0,"142":0,"143":0,"144":0,"145":0,"146":0,"147":0,"148":0,"149":0,"150":0,"151":0,"152":0,"153":0,"154":0,"155":0,"156":0,"157":0,"158":0,"159":0,"160":0,"161":0,"162":0,"163":0,"164":0,"165":0,"166":0,"167":0,"168":0,"169":0,"170":0,"171":0,"172":0,"173":0,"174":0,"175":0,"176":0,"177":0,"178":0,"179":0,"180":0,"181":0,"182":0,"183":0,"184":0,"185":0,"186":0,"187":0,"188":0,"189":0,"190":0,"191":0,"192":0,"193":0,"194":0,"195":0,"196":0,"197":0,"198":0,"199":0,"200":0,"201":0,"202":0,"203":0,"204":0,"205":0,"206":0,"207":0,"208":0,"209":0,"210":0,"211":0,"212":0,"213":0,"214":0,"215":0},"f":{"0":0,"1":0,"2":0,"3":0,"4":0,"5":0,"6":0,"7":0,"8":0,"9":0,"10":0,"11":0,"12":0,"13":0},"b":{"0":[0,0],"1":[0,0],"2":[0,0],"3":[0,0],"4":[0,0],"5":[0,0],"6":[0,0],"7":[0,0],"8":[0,0],"9":[0,0],"10":[0,0],"11":[0,0],"12":[0,0],"13":[0,0],"14":[0,0],"15":[0,0],"16":[0,0],"17":[0,0],"18":[0,0],"19":[0,0],"20":[0,0],"21":[0,0,0,0],"22":[0,0],"23":[0,0],"24":[0,0],"25":[0,0],"26":[0,0],"27":[0,0],"28":[0,0],"29":[0,0],"30":[0,0],"31":[0,0],"32":[0,0],"33":[0,0],"34":[0,0],"35":[0,0],"36":[0,0],"37":[0,0],"38":[0,0],"39":[0,0],"40":[0,0],"41":[0,0],"42":[0,0],"43":[0,0],"44":[0,0],"45":[0,0],"46":[0,0],"47":[0,0],"48":[0,0],"49":[0,0],"50":[0,0],"51":[0,0],"52":[0,0],"53":[0,0],"54":[0,0],"55":[0,0],"56":[0,0],"57":[0,0],"58":[0,0],"59":[0,0],"60":[0,0],"61":[0,0],"62":[0,0],"63":[0,0],"64":[0,0],"65":[0,0],"66":[0,0],"67":[0,0],"68":[0,0],"69":[0,0],"70":[0,0],"71":[0,0],"72":[0,0],"73":[0,0]},"meta":{"lastBranch":74,"lastFunction":14,"lastStatement":216,"seen":{"s:45:6:45:Infinity":0,"s:46:19:46:Infinity":1,"s:47:6:47:Infinity":2,"f:73:9:73:24":0,"b:74:2:76:Infinity:undefined:undefined:undefined:undefined":0,"s:74:2:76:Infinity":3,"s:75:4:75:Infinity":4,"s:77:2:77:Infinity":5,"f:80:9:80:25":1,"s:81:2:81:Infinity":6,"b:81:9:81:42:81:42:81:Infinity":1,"f:84:22:84:29":2,"s:85:22:85:Infinity":7,"s:87:2:94:Infinity":8,"s:88:4:88:Infinity":9,"s:90:4:90:Infinity":10,"s:91:4:91:Infinity":11,"s:92:4:92:Infinity":12,"s:93:4:93:Infinity":13,"b:96:2:99:Infinity:undefined:undefined:undefined:undefined":2,"s:96:2:99:Infinity":14,"s:97:4:97:Infinity":15,"s:98:4:98:Infinity":16,"s:102:2:108:Infinity":17,"s:103:4:103:Infinity":18,"s:105:4:105:Infinity":19,"s:106:4:106:Infinity":20,"s:107:4:107:Infinity":21,"s:109:8:109:Infinity":22,"s:111:8:111:Infinity":23,"s:112:2:112:Infinity":24,"s:113:26:123:Infinity":25,"b:116:22:117:Infinity:118:12:120:Infinity":3,"b:119:14:119:Infinity:120:14:120:Infinity":4,"f:121:8:121:13":3,"s:121:26:121:48":26,"s:124:2:124:Infinity":27,"s:126:8:126:Infinity":28,"s:127:24:131:Infinity":29,"f:129:58:129:Infinity":4,"s:130:15:130:Infinity":30,"s:132:25:132:Infinity":31,"b:132:25:132:57:132:57:132:Infinity":5,"s:133:2:138:Infinity":32,"s:139:2:139:Infinity":33,"s:140:2:140:Infinity":34,"s:141:37:141:Infinity":35,"s:142:2:147:Infinity":36,"b:149:2:154:Infinity:undefined:undefined:undefined:undefined":6,"s:149:2:154:Infinity":37,"s:150:4:150:Infinity":38,"s:151:4:151:Infinity":39,"s:152:4:152:Infinity":40,"s:153:4:153:Infinity":41,"s:156:2:156:Infinity":42,"s:157:2:157:Infinity":43,"s:158:2:158:Infinity":44,"s:160:2:160:Infinity":45,"s:161:8:161:Infinity":46,"s:162:2:167:Infinity":47,"s:169:23:169:Infinity":48,"b:170:2:182:Infinity:undefined:undefined:undefined:undefined":7,"s:170:2:182:Infinity":49,"s:171:4:171:Infinity":50,"s:172:4:181:Infinity":51,"s:173:6:173:Infinity":52,"s:174:6:174:Infinity":53,"s:176:6:180:Infinity":54,"s:184:20:184:Infinity":55,"b:184:25:184:70:184:66:184:Infinity":8,"b:185:2:198:Infinity:undefined:undefined:undefined:undefined":9,"s:185:2:198:Infinity":56,"s:186:4:186:Infinity":57,"s:187:4:197:Infinity":58,"s:188:6:188:Infinity":59,"s:189:6:189:Infinity":60,"s:190:6:190:Infinity":61,"s:192:6:196:Infinity":62,"s:200:2:200:Infinity":63,"s:201:8:201:Infinity":64,"s:202:2:209:Infinity":65,"b:207:8:207:Infinity:208:8:208:Infinity":10,"s:210:22:210:Infinity":66,"b:211:2:229:Infinity:undefined:undefined:undefined:undefined":11,"s:211:2:229:Infinity":67,"s:212:4:212:Infinity":68,"s:213:4:213:Infinity":69,"b:214:4:220:Infinity:undefined:undefined:undefined:undefined":12,"s:214:4:220:Infinity":70,"b:214:8:214:32:214:32:214:66":13,"s:215:6:219:Infinity":71,"b:217:14:217:40:217:40:217:Infinity":14,"s:221:4:228:Infinity":72,"b:226:10:226:Infinity:227:10:227:Infinity":15,"b:227:54:227:81:227:81:227:Infinity":16,"s:231:2:231:Infinity":73,"s:232:2:232:Infinity":74,"s:234:8:245:Infinity":75,"s:246:8:246:Infinity":76,"s:247:27:251:Infinity":77,"b:248:6:248:Infinity:249:6:251:Infinity":17,"b:250:8:250:Infinity:250:8:251:Infinity":18,"s:252:2:262:Infinity":78,"s:253:4:257:Infinity":79,"s:259:4:259:Infinity":80,"s:260:4:260:Infinity":81,"s:261:4:261:Infinity":82,"s:264:8:264:Infinity":83,"s:265:29:265:Infinity":84,"b:265:29:265:68:265:68:265:Infinity":19,"s:266:2:269:Infinity":85,"b:268:8:268:Infinity:269:8:269:Infinity":20,"b:267:4:267:30:267:30:267:60:267:60:267:89:267:89:267:Infinity":21,"s:270:2:275:Infinity":86,"f:278:9:278:21":5,"s:279:2:325:Infinity":87,"f:328:9:328:19":6,"s:329:24:344:Infinity":88,"s:346:2:483:Infinity":89,"s:346:19:346:22":90,"s:347:18:347:Infinity":91,"b:348:4:350:Infinity:undefined:undefined:undefined:undefined":22,"s:348:4:350:Infinity":92,"s:349:6:349:Infinity":93,"b:352:4:360:Infinity:undefined:undefined:undefined:undefined":23,"s:352:4:360:Infinity":94,"s:353:20:353:Infinity":95,"b:354:6:356:Infinity:undefined:undefined:undefined:undefined":24,"s:354:6:356:Infinity":96,"b:354:10:354:39:354:39:354:59":25,"s:355:8:355:Infinity":97,"s:357:6:357:Infinity":98,"s:358:6:358:Infinity":99,"s:359:6:359:Infinity":100,"b:362:4:365:Infinity:undefined:undefined:undefined:undefined":26,"s:362:4:365:Infinity":101,"b:362:8:362:38:362:38:362:63":27,"s:363:6:363:Infinity":102,"s:364:6:364:Infinity":103,"b:367:4:379:Infinity:undefined:undefined:undefined:undefined":28,"s:367:4:379:Infinity":104,"s:368:20:368:Infinity":105,"b:369:6:371:Infinity:undefined:undefined:undefined:undefined":29,"s:369:6:371:Infinity":106,"b:369:10:369:39:369:39:369:59":30,"s:370:8:370:Infinity":107,"s:372:21:372:Infinity":108,"b:373:6:375:Infinity:undefined:undefined:undefined:undefined":31,"s:373:6:375:Infinity":109,"b:373:10:373:39:373:39:373:51":32,"s:374:8:374:Infinity":110,"s:376:6:376:Infinity":111,"s:377:6:377:Infinity":112,"s:378:6:378:Infinity":113,"b:381:4:384:Infinity:undefined:undefined:undefined:undefined":33,"s:381:4:384:Infinity":114,"s:382:6:382:Infinity":115,"s:383:6:383:Infinity":116,"b:386:4:394:Infinity:undefined:undefined:undefined:undefined":34,"s:386:4:394:Infinity":117,"s:387:20:387:Infinity":118,"b:388:6:390:Infinity:undefined:undefined:undefined:undefined":35,"s:388:6:390:Infinity":119,"b:388:10:388:39:388:39:388:59":36,"s:389:8:389:Infinity":120,"s:391:6:391:Infinity":121,"s:392:6:392:Infinity":122,"s:393:6:393:Infinity":123,"b:396:4:404:Infinity:undefined:undefined:undefined:undefined":37,"s:396:4:404:Infinity":124,"s:397:20:397:Infinity":125,"b:398:6:400:Infinity:undefined:undefined:undefined:undefined":38,"s:398:6:400:Infinity":126,"b:398:10:398:39:398:39:398:59":39,"s:399:8:399:Infinity":127,"s:401:6:401:Infinity":128,"s:402:6:402:Infinity":129,"s:403:6:403:Infinity":130,"b:406:4:409:Infinity:undefined:undefined:undefined:undefined":40,"s:406:4:409:Infinity":131,"s:407:6:407:Infinity":132,"s:408:6:408:Infinity":133,"b:411:4:414:Infinity:undefined:undefined:undefined:undefined":41,"s:411:4:414:Infinity":134,"s:412:6:412:Infinity":135,"s:413:6:413:Infinity":136,"b:416:4:424:Infinity:undefined:undefined:undefined:undefined":42,"s:416:4:424:Infinity":137,"s:417:20:417:Infinity":138,"b:418:6:420:Infinity:undefined:undefined:undefined:undefined":43,"s:418:6:420:Infinity":139,"b:418:10:418:39:418:39:418:59":44,"s:419:8:419:Infinity":140,"s:421:6:421:Infinity":141,"s:422:6:422:Infinity":142,"s:423:6:423:Infinity":143,"b:426:4:429:Infinity:undefined:undefined:undefined:undefined":45,"s:426:4:429:Infinity":144,"s:427:6:427:Infinity":145,"s:428:6:428:Infinity":146,"b:431:4:434:Infinity:undefined:undefined:undefined:undefined":46,"s:431:4:434:Infinity":147,"s:432:6:432:Infinity":148,"s:433:6:433:Infinity":149,"b:436:4:444:Infinity:undefined:undefined:undefined:undefined":47,"s:436:4:444:Infinity":150,"s:437:20:437:Infinity":151,"b:438:6:440:Infinity:undefined:undefined:undefined:undefined":48,"s:438:6:440:Infinity":152,"b:438:10:438:39:438:39:438:64":49,"s:439:8:439:Infinity":153,"s:441:6:441:Infinity":154,"s:442:6:442:Infinity":155,"s:443:6:443:Infinity":156,"b:446:4:455:Infinity:undefined:undefined:undefined:undefined":50,"s:446:4:455:Infinity":157,"s:447:20:447:Infinity":158,"s:448:21:448:Infinity":159,"b:448:37:448:46:448:46:448:50":51,"b:449:6:451:Infinity:undefined:undefined:undefined:undefined":52,"s:449:6:451:Infinity":160,"b:449:10:449:39:449:39:449:51":53,"s:450:8:450:Infinity":161,"s:452:6:452:Infinity":162,"s:453:6:453:Infinity":163,"s:454:6:454:Infinity":164,"b:457:4:460:Infinity:undefined:undefined:undefined:undefined":54,"s:457:4:460:Infinity":165,"s:458:6:458:Infinity":166,"s:459:6:459:Infinity":167,"b:462:4:465:Infinity:undefined:undefined:undefined:undefined":55,"s:462:4:465:Infinity":168,"b:462:8:462:39:462:39:462:74":56,"s:463:6:463:Infinity":169,"s:464:6:464:Infinity":170,"b:467:4:470:Infinity:undefined:undefined:undefined:undefined":57,"s:467:4:470:Infinity":171,"s:468:6:468:Infinity":172,"s:469:6:469:Infinity":173,"b:472:4:475:Infinity:undefined:undefined:undefined:undefined":58,"s:472:4:475:Infinity":174,"s:473:6:473:Infinity":175,"s:474:6:474:Infinity":176,"b:477:4:480:Infinity:undefined:undefined:undefined:undefined":59,"s:477:4:480:Infinity":177,"b:477:8:477:30:477:30:477:46":60,"s:478:6:478:Infinity":178,"s:479:6:479:Infinity":179,"s:482:4:482:Infinity":180,"b:485:2:487:Infinity:undefined:undefined:undefined:undefined":61,"s:485:2:487:Infinity":181,"b:485:6:485:41:485:41:485:64":62,"s:486:4:486:Infinity":182,"s:488:2:488:Infinity":183,"f:491:9:491:42":7,"s:492:2:495:Infinity":184,"f:498:9:498:27":8,"b:499:2:501:Infinity:undefined:undefined:undefined:undefined":63,"s:499:2:501:Infinity":185,"s:500:4:500:Infinity":186,"s:502:2:502:Infinity":187,"s:503:2:505:Infinity":188,"f:508:9:508:29":9,"s:509:25:509:Infinity":189,"s:510:23:510:Infinity":190,"s:511:16:511:Infinity":191,"s:512:18:512:Infinity":192,"s:513:18:513:Infinity":193,"s:514:23:514:Infinity":194,"s:515:2:515:Infinity":195,"f:515:38:515:43":10,"s:515:53:515:83":196,"f:518:9:518:31":11,"b:519:2:521:Infinity:undefined:undefined:undefined:undefined":64,"s:519:2:521:Infinity":197,"b:519:6:519:23:519:23:519:63":65,"s:520:4:520:Infinity":198,"b:522:2:527:Infinity:undefined:undefined:undefined:undefined":66,"s:522:2:527:Infinity":199,"s:523:4:525:Infinity":200,"s:526:4:526:Infinity":201,"b:528:2:536:Infinity:undefined:undefined:undefined:undefined":67,"s:528:2:536:Infinity":202,"s:529:20:531:Infinity":203,"b:530:8:530:Infinity:531:8:531:Infinity":68,"s:532:4:534:Infinity":204,"s:535:4:535:Infinity":205,"b:537:2:542:Infinity:undefined:undefined:undefined:undefined":69,"s:537:2:542:Infinity":206,"s:538:24:538:Infinity":207,"s:539:4:541:Infinity":208,"f:545:9:545:Infinity":12,"b:552:2:554:Infinity:undefined:undefined:undefined:undefined":70,"s:552:2:554:Infinity":209,"s:553:4:553:Infinity":210,"b:553:422:553:468:553:468:553:Infinity":71,"s:555:2:555:Infinity":211,"f:558:9:558:Infinity":13,"b:563:2:565:Infinity:undefined:undefined:undefined:undefined":72,"s:563:2:565:Infinity":212,"b:563:6:563:23:563:23:563:67":73,"s:564:4:564:Infinity":213,"s:566:2:570:Infinity":214,"s:567:4:569:Infinity":215}}}
,"C:\\Projects\\scripts\\security\\npm-supply-chain-sentinel\\src\\application\\pnpm-governance-cli.ts": {"path":"C:\\Projects\\scripts\\security\\npm-supply-chain-sentinel\\src\\application\\pnpm-governance-cli.ts","statementMap":{"0":{"start":{"line":16,"column":6},"end":{"line":16,"column":null}},"1":{"start":{"line":17,"column":19},"end":{"line":17,"column":null}},"2":{"start":{"line":18,"column":6},"end":{"line":18,"column":null}},"3":{"start":{"line":32,"column":2},"end":{"line":34,"column":null}},"4":{"start":{"line":33,"column":4},"end":{"line":33,"column":null}},"5":{"start":{"line":35,"column":2},"end":{"line":35,"column":null}},"6":{"start":{"line":40,"column":2},"end":{"line":47,"column":null}},"7":{"start":{"line":41,"column":4},"end":{"line":41,"column":null}},"8":{"start":{"line":43,"column":4},"end":{"line":43,"column":null}},"9":{"start":{"line":44,"column":4},"end":{"line":44,"column":null}},"10":{"start":{"line":45,"column":4},"end":{"line":45,"column":null}},"11":{"start":{"line":46,"column":4},"end":{"line":46,"column":null}},"12":{"start":{"line":49,"column":2},"end":{"line":52,"column":null}},"13":{"start":{"line":50,"column":4},"end":{"line":50,"column":null}},"14":{"start":{"line":51,"column":4},"end":{"line":51,"column":null}},"15":{"start":{"line":54,"column":2},"end":{"line":54,"column":null}},"16":{"start":{"line":55,"column":8},"end":{"line":55,"column":null}},"17":{"start":{"line":56,"column":8},"end":{"line":56,"column":null}},"18":{"start":{"line":58,"column":2},"end":{"line":58,"column":null}},"19":{"start":{"line":60,"column":8},"end":{"line":60,"column":null}},"20":{"start":{"line":61,"column":27},"end":{"line":65,"column":null}},"21":{"start":{"line":66,"column":2},"end":{"line":76,"column":null}},"22":{"start":{"line":67,"column":4},"end":{"line":71,"column":null}},"23":{"start":{"line":73,"column":4},"end":{"line":73,"column":null}},"24":{"start":{"line":74,"column":4},"end":{"line":74,"column":null}},"25":{"start":{"line":75,"column":4},"end":{"line":75,"column":null}},"26":{"start":{"line":78,"column":2},"end":{"line":78,"column":null}},"27":{"start":{"line":82,"column":2},"end":{"line":111,"column":null}},"28":{"start":{"line":115,"column":38},"end":{"line":121,"column":null}},"29":{"start":{"line":123,"column":2},"end":{"line":169,"column":null}},"30":{"start":{"line":123,"column":19},"end":{"line":123,"column":22}},"31":{"start":{"line":124,"column":18},"end":{"line":124,"column":null}},"32":{"start":{"line":125,"column":4},"end":{"line":127,"column":null}},"33":{"start":{"line":126,"column":6},"end":{"line":126,"column":null}},"34":{"start":{"line":129,"column":4},"end":{"line":137,"column":null}},"35":{"start":{"line":130,"column":20},"end":{"line":130,"column":null}},"36":{"start":{"line":131,"column":6},"end":{"line":133,"column":null}},"37":{"start":{"line":132,"column":8},"end":{"line":132,"column":null}},"38":{"start":{"line":134,"column":6},"end":{"line":134,"column":null}},"39":{"start":{"line":135,"column":6},"end":{"line":135,"column":null}},"40":{"start":{"line":136,"column":6},"end":{"line":136,"column":null}},"41":{"start":{"line":139,"column":4},"end":{"line":142,"column":null}},"42":{"start":{"line":140,"column":6},"end":{"line":140,"column":null}},"43":{"start":{"line":141,"column":6},"end":{"line":141,"column":null}},"44":{"start":{"line":144,"column":4},"end":{"line":147,"column":null}},"45":{"start":{"line":145,"column":6},"end":{"line":145,"column":null}},"46":{"start":{"line":146,"column":6},"end":{"line":146,"column":null}},"47":{"start":{"line":149,"column":4},"end":{"line":157,"column":null}},"48":{"start":{"line":150,"column":20},"end":{"line":150,"column":null}},"49":{"start":{"line":151,"column":6},"end":{"line":153,"column":null}},"50":{"start":{"line":152,"column":8},"end":{"line":152,"column":null}},"51":{"start":{"line":154,"column":6},"end":{"line":154,"column":null}},"52":{"start":{"line":155,"column":6},"end":{"line":155,"column":null}},"53":{"start":{"line":156,"column":6},"end":{"line":156,"column":null}},"54":{"start":{"line":159,"column":4},"end":{"line":162,"column":null}},"55":{"start":{"line":160,"column":6},"end":{"line":160,"column":null}},"56":{"start":{"line":161,"column":6},"end":{"line":161,"column":null}},"57":{"start":{"line":164,"column":4},"end":{"line":166,"column":null}},"58":{"start":{"line":165,"column":6},"end":{"line":165,"column":null}},"59":{"start":{"line":168,"column":4},"end":{"line":168,"column":null}},"60":{"start":{"line":171,"column":2},"end":{"line":173,"column":null}},"61":{"start":{"line":172,"column":4},"end":{"line":172,"column":null}},"62":{"start":{"line":175,"column":2},"end":{"line":175,"column":null}},"63":{"start":{"line":179,"column":2},"end":{"line":181,"column":null}},"64":{"start":{"line":180,"column":4},"end":{"line":180,"column":null}},"65":{"start":{"line":183,"column":16},"end":{"line":185,"column":null}},"66":{"start":{"line":185,"column":19},"end":{"line":185,"column":30}},"67":{"start":{"line":187,"column":2},"end":{"line":189,"column":null}},"68":{"start":{"line":187,"column":27},"end":{"line":187,"column":44}},"69":{"start":{"line":188,"column":4},"end":{"line":188,"column":null}},"70":{"start":{"line":191,"column":2},"end":{"line":191,"column":null}},"71":{"start":{"line":195,"column":19},"end":{"line":199,"column":null}},"72":{"start":{"line":201,"column":2},"end":{"line":201,"column":null}},"73":{"start":{"line":201,"column":48},"end":{"line":201,"column":70}},"74":{"start":{"line":205,"column":2},"end":{"line":205,"column":null}},"75":{"start":{"line":206,"column":2},"end":{"line":206,"column":null}},"76":{"start":{"line":207,"column":2},"end":{"line":207,"column":null}},"77":{"start":{"line":208,"column":2},"end":{"line":208,"column":null}},"78":{"start":{"line":209,"column":2},"end":{"line":211,"column":null}},"79":{"start":{"line":210,"column":4},"end":{"line":210,"column":null}},"80":{"start":{"line":212,"column":2},"end":{"line":212,"column":null}},"81":{"start":{"line":213,"column":2},"end":{"line":215,"column":null}},"82":{"start":{"line":214,"column":4},"end":{"line":214,"column":null}},"83":{"start":{"line":216,"column":2},"end":{"line":216,"column":null}},"84":{"start":{"line":217,"column":2},"end":{"line":217,"column":null}}},"fnMap":{"0":{"name":"toErrorMessage","decl":{"start":{"line":31,"column":9},"end":{"line":31,"column":24}},"loc":{"start":{"line":31,"column":48},"end":{"line":36,"column":null}},"line":31},"1":{"name":"main","decl":{"start":{"line":38,"column":22},"end":{"line":38,"column":29}},"loc":{"start":{"line":38,"column":29},"end":{"line":79,"column":null}},"line":38},"2":{"name":"printHelp","decl":{"start":{"line":81,"column":9},"end":{"line":81,"column":21}},"loc":{"start":{"line":81,"column":21},"end":{"line":112,"column":null}},"line":81},"3":{"name":"parseArgs","decl":{"start":{"line":114,"column":9},"end":{"line":114,"column":19}},"loc":{"start":{"line":114,"column":67},"end":{"line":176,"column":null}},"line":114},"4":{"name":"appendCliRoots","decl":{"start":{"line":178,"column":9},"end":{"line":178,"column":24}},"loc":{"start":{"line":178,"column":86},"end":{"line":192,"column":null}},"line":178},"5":{"name":"(anonymous_5)","decl":{"start":{"line":185,"column":5},"end":{"line":185,"column":10}},"loc":{"start":{"line":185,"column":19},"end":{"line":185,"column":30}},"line":185},"6":{"name":"(anonymous_6)","decl":{"start":{"line":187,"column":12},"end":{"line":187,"column":18}},"loc":{"start":{"line":187,"column":27},"end":{"line":187,"column":44}},"line":187},"7":{"name":"resolveRoots","decl":{"start":{"line":194,"column":9},"end":{"line":194,"column":22}},"loc":{"start":{"line":194,"column":61},"end":{"line":202,"column":null}},"line":194},"8":{"name":"(anonymous_8)","decl":{"start":{"line":201,"column":30},"end":{"line":201,"column":35}},"loc":{"start":{"line":201,"column":48},"end":{"line":201,"column":70}},"line":201},"9":{"name":"renderStandaloneGovernanceSummary","decl":{"start":{"line":204,"column":9},"end":{"line":204,"column":43}},"loc":{"start":{"line":204,"column":112},"end":{"line":218,"column":null}},"line":204}},"branchMap":{"0":{"loc":{"start":{"line":32,"column":2},"end":{"line":34,"column":null}},"type":"if","locations":[{"start":{"line":32,"column":2},"end":{"line":34,"column":null}},{"start":{},"end":{}}],"line":32},"1":{"loc":{"start":{"line":49,"column":2},"end":{"line":52,"column":null}},"type":"if","locations":[{"start":{"line":49,"column":2},"end":{"line":52,"column":null}},{"start":{},"end":{}}],"line":49},"2":{"loc":{"start":{"line":61,"column":27},"end":{"line":65,"column":null}},"type":"cond-expr","locations":[{"start":{"line":62,"column":6},"end":{"line":62,"column":null}},{"start":{"line":63,"column":6},"end":{"line":65,"column":null}}],"line":61},"3":{"loc":{"start":{"line":63,"column":6},"end":{"line":65,"column":null}},"type":"cond-expr","locations":[{"start":{"line":64,"column":8},"end":{"line":64,"column":null}},{"start":{"line":64,"column":8},"end":{"line":65,"column":null}}],"line":63},"4":{"loc":{"start":{"line":78,"column":21},"end":{"line":78,"column":null}},"type":"cond-expr","locations":[{"start":{"line":78,"column":63},"end":{"line":78,"column":67}},{"start":{"line":78,"column":67},"end":{"line":78,"column":null}}],"line":78},"5":{"loc":{"start":{"line":125,"column":4},"end":{"line":127,"column":null}},"type":"if","locations":[{"start":{"line":125,"column":4},"end":{"line":127,"column":null}},{"start":{},"end":{}}],"line":125},"6":{"loc":{"start":{"line":129,"column":4},"end":{"line":137,"column":null}},"type":"if","locations":[{"start":{"line":129,"column":4},"end":{"line":137,"column":null}},{"start":{},"end":{}}],"line":129},"7":{"loc":{"start":{"line":129,"column":8},"end":{"line":129,"column":51}},"type":"binary-expr","locations":[{"start":{"line":129,"column":8},"end":{"line":129,"column":30}},{"start":{"line":129,"column":30},"end":{"line":129,"column":51}}],"line":129},"8":{"loc":{"start":{"line":131,"column":6},"end":{"line":133,"column":null}},"type":"if","locations":[{"start":{"line":131,"column":6},"end":{"line":133,"column":null}},{"start":{},"end":{}}],"line":131},"9":{"loc":{"start":{"line":131,"column":10},"end":{"line":131,"column":59}},"type":"binary-expr","locations":[{"start":{"line":131,"column":10},"end":{"line":131,"column":39}},{"start":{"line":131,"column":39},"end":{"line":131,"column":59}}],"line":131},"10":{"loc":{"start":{"line":139,"column":4},"end":{"line":142,"column":null}},"type":"if","locations":[{"start":{"line":139,"column":4},"end":{"line":142,"column":null}},{"start":{},"end":{}}],"line":139},"11":{"loc":{"start":{"line":139,"column":8},"end":{"line":139,"column":63}},"type":"binary-expr","locations":[{"start":{"line":139,"column":8},"end":{"line":139,"column":38}},{"start":{"line":139,"column":38},"end":{"line":139,"column":63}}],"line":139},"12":{"loc":{"start":{"line":144,"column":4},"end":{"line":147,"column":null}},"type":"if","locations":[{"start":{"line":144,"column":4},"end":{"line":147,"column":null}},{"start":{},"end":{}}],"line":144},"13":{"loc":{"start":{"line":144,"column":8},"end":{"line":144,"column":74}},"type":"binary-expr","locations":[{"start":{"line":144,"column":8},"end":{"line":144,"column":39}},{"start":{"line":144,"column":39},"end":{"line":144,"column":74}}],"line":144},"14":{"loc":{"start":{"line":149,"column":4},"end":{"line":157,"column":null}},"type":"if","locations":[{"start":{"line":149,"column":4},"end":{"line":157,"column":null}},{"start":{},"end":{}}],"line":149},"15":{"loc":{"start":{"line":151,"column":6},"end":{"line":153,"column":null}},"type":"if","locations":[{"start":{"line":151,"column":6},"end":{"line":153,"column":null}},{"start":{},"end":{}}],"line":151},"16":{"loc":{"start":{"line":151,"column":10},"end":{"line":151,"column":59}},"type":"binary-expr","locations":[{"start":{"line":151,"column":10},"end":{"line":151,"column":39}},{"start":{"line":151,"column":39},"end":{"line":151,"column":59}}],"line":151},"17":{"loc":{"start":{"line":159,"column":4},"end":{"line":162,"column":null}},"type":"if","locations":[{"start":{"line":159,"column":4},"end":{"line":162,"column":null}},{"start":{},"end":{}}],"line":159},"18":{"loc":{"start":{"line":159,"column":8},"end":{"line":159,"column":46}},"type":"binary-expr","locations":[{"start":{"line":159,"column":8},"end":{"line":159,"column":30}},{"start":{"line":159,"column":30},"end":{"line":159,"column":46}}],"line":159},"19":{"loc":{"start":{"line":164,"column":4},"end":{"line":166,"column":null}},"type":"if","locations":[{"start":{"line":164,"column":4},"end":{"line":166,"column":null}},{"start":{},"end":{}}],"line":164},"20":{"loc":{"start":{"line":171,"column":2},"end":{"line":173,"column":null}},"type":"if","locations":[{"start":{"line":171,"column":2},"end":{"line":173,"column":null}},{"start":{},"end":{}}],"line":171},"21":{"loc":{"start":{"line":171,"column":6},"end":{"line":171,"column":64}},"type":"binary-expr","locations":[{"start":{"line":171,"column":6},"end":{"line":171,"column":41}},{"start":{"line":171,"column":41},"end":{"line":171,"column":64}}],"line":171},"22":{"loc":{"start":{"line":179,"column":2},"end":{"line":181,"column":null}},"type":"if","locations":[{"start":{"line":179,"column":2},"end":{"line":181,"column":null}},{"start":{},"end":{}}],"line":179},"23":{"loc":{"start":{"line":187,"column":2},"end":{"line":189,"column":null}},"type":"if","locations":[{"start":{"line":187,"column":2},"end":{"line":189,"column":null}},{"start":{},"end":{}}],"line":187},"24":{"loc":{"start":{"line":195,"column":19},"end":{"line":199,"column":null}},"type":"cond-expr","locations":[{"start":{"line":195,"column":33},"end":{"line":196,"column":null}},{"start":{"line":197,"column":6},"end":{"line":199,"column":null}}],"line":195},"25":{"loc":{"start":{"line":197,"column":6},"end":{"line":199,"column":null}},"type":"cond-expr","locations":[{"start":{"line":198,"column":8},"end":{"line":198,"column":null}},{"start":{"line":199,"column":8},"end":{"line":199,"column":null}}],"line":197},"26":{"loc":{"start":{"line":209,"column":2},"end":{"line":211,"column":null}},"type":"if","locations":[{"start":{"line":209,"column":2},"end":{"line":211,"column":null}},{"start":{},"end":{}}],"line":209},"27":{"loc":{"start":{"line":209,"column":6},"end":{"line":209,"column":60}},"type":"binary-expr","locations":[{"start":{"line":209,"column":6},"end":{"line":209,"column":41}},{"start":{"line":209,"column":41},"end":{"line":209,"column":60}}],"line":209},"28":{"loc":{"start":{"line":210,"column":37},"end":{"line":210,"column":103}},"type":"cond-expr","locations":[{"start":{"line":210,"column":57},"end":{"line":210,"column":81}},{"start":{"line":210,"column":81},"end":{"line":210,"column":103}}],"line":210}},"s":{"0":0,"1":0,"2":0,"3":0,"4":0,"5":0,"6":0,"7":0,"8":0,"9":0,"10":0,"11":0,"12":0,"13":0,"14":0,"15":0,"16":0,"17":0,"18":0,"19":0,"20":0,"21":0,"22":0,"23":0,"24":0,"25":0,"26":0,"27":0,"28":0,"29":0,"30":0,"31":0,"32":0,"33":0,"34":0,"35":0,"36":0,"37":0,"38":0,"39":0,"40":0,"41":0,"42":0,"43":0,"44":0,"45":0,"46":0,"47":0,"48":0,"49":0,"50":0,"51":0,"52":0,"53":0,"54":0,"55":0,"56":0,"57":0,"58":0,"59":0,"60":0,"61":0,"62":0,"63":0,"64":0,"65":0,"66":0,"67":0,"68":0,"69":0,"70":0,"71":0,"72":0,"73":0,"74":0,"75":0,"76":0,"77":0,"78":0,"79":0,"80":0,"81":0,"82":0,"83":0,"84":0},"f":{"0":0,"1":0,"2":0,"3":0,"4":0,"5":0,"6":0,"7":0,"8":0,"9":0},"b":{"0":[0,0],"1":[0,0],"2":[0,0],"3":[0,0],"4":[0,0],"5":[0,0],"6":[0,0],"7":[0,0],"8":[0,0],"9":[0,0],"10":[0,0],"11":[0,0],"12":[0,0],"13":[0,0],"14":[0,0],"15":[0,0],"16":[0,0],"17":[0,0],"18":[0,0],"19":[0,0],"20":[0,0],"21":[0,0],"22":[0,0],"23":[0,0],"24":[0,0],"25":[0,0],"26":[0,0],"27":[0,0],"28":[0,0]},"meta":{"lastBranch":29,"lastFunction":10,"lastStatement":85,"seen":{"s:16:6:16:Infinity":0,"s:17:19:17:Infinity":1,"s:18:6:18:Infinity":2,"f:31:9:31:24":0,"b:32:2:34:Infinity:undefined:undefined:undefined:undefined":0,"s:32:2:34:Infinity":3,"s:33:4:33:Infinity":4,"s:35:2:35:Infinity":5,"f:38:22:38:29":1,"s:40:2:47:Infinity":6,"s:41:4:41:Infinity":7,"s:43:4:43:Infinity":8,"s:44:4:44:Infinity":9,"s:45:4:45:Infinity":10,"s:46:4:46:Infinity":11,"b:49:2:52:Infinity:undefined:undefined:undefined:undefined":1,"s:49:2:52:Infinity":12,"s:50:4:50:Infinity":13,"s:51:4:51:Infinity":14,"s:54:2:54:Infinity":15,"s:55:8:55:Infinity":16,"s:56:8:56:Infinity":17,"s:58:2:58:Infinity":18,"s:60:8:60:Infinity":19,"s:61:27:65:Infinity":20,"b:62:6:62:Infinity:63:6:65:Infinity":2,"b:64:8:64:Infinity:64:8:65:Infinity":3,"s:66:2:76:Infinity":21,"s:67:4:71:Infinity":22,"s:73:4:73:Infinity":23,"s:74:4:74:Infinity":24,"s:75:4:75:Infinity":25,"s:78:2:78:Infinity":26,"b:78:63:78:67:78:67:78:Infinity":4,"f:81:9:81:21":2,"s:82:2:111:Infinity":27,"f:114:9:114:19":3,"s:115:38:121:Infinity":28,"s:123:2:169:Infinity":29,"s:123:19:123:22":30,"s:124:18:124:Infinity":31,"b:125:4:127:Infinity:undefined:undefined:undefined:undefined":5,"s:125:4:127:Infinity":32,"s:126:6:126:Infinity":33,"b:129:4:137:Infinity:undefined:undefined:undefined:undefined":6,"s:129:4:137:Infinity":34,"b:129:8:129:30:129:30:129:51":7,"s:130:20:130:Infinity":35,"b:131:6:133:Infinity:undefined:undefined:undefined:undefined":8,"s:131:6:133:Infinity":36,"b:131:10:131:39:131:39:131:59":9,"s:132:8:132:Infinity":37,"s:134:6:134:Infinity":38,"s:135:6:135:Infinity":39,"s:136:6:136:Infinity":40,"b:139:4:142:Infinity:undefined:undefined:undefined:undefined":10,"s:139:4:142:Infinity":41,"b:139:8:139:38:139:38:139:63":11,"s:140:6:140:Infinity":42,"s:141:6:141:Infinity":43,"b:144:4:147:Infinity:undefined:undefined:undefined:undefined":12,"s:144:4:147:Infinity":44,"b:144:8:144:39:144:39:144:74":13,"s:145:6:145:Infinity":45,"s:146:6:146:Infinity":46,"b:149:4:157:Infinity:undefined:undefined:undefined:undefined":14,"s:149:4:157:Infinity":47,"s:150:20:150:Infinity":48,"b:151:6:153:Infinity:undefined:undefined:undefined:undefined":15,"s:151:6:153:Infinity":49,"b:151:10:151:39:151:39:151:59":16,"s:152:8:152:Infinity":50,"s:154:6:154:Infinity":51,"s:155:6:155:Infinity":52,"s:156:6:156:Infinity":53,"b:159:4:162:Infinity:undefined:undefined:undefined:undefined":17,"s:159:4:162:Infinity":54,"b:159:8:159:30:159:30:159:46":18,"s:160:6:160:Infinity":55,"s:161:6:161:Infinity":56,"b:164:4:166:Infinity:undefined:undefined:undefined:undefined":19,"s:164:4:166:Infinity":57,"s:165:6:165:Infinity":58,"s:168:4:168:Infinity":59,"b:171:2:173:Infinity:undefined:undefined:undefined:undefined":20,"s:171:2:173:Infinity":60,"b:171:6:171:41:171:41:171:64":21,"s:172:4:172:Infinity":61,"s:175:2:175:Infinity":62,"f:178:9:178:24":4,"b:179:2:181:Infinity:undefined:undefined:undefined:undefined":22,"s:179:2:181:Infinity":63,"s:180:4:180:Infinity":64,"s:183:16:185:Infinity":65,"f:185:5:185:10":5,"s:185:19:185:30":66,"b:187:2:189:Infinity:undefined:undefined:undefined:undefined":23,"s:187:2:189:Infinity":67,"f:187:12:187:18":6,"s:187:27:187:44":68,"s:188:4:188:Infinity":69,"s:191:2:191:Infinity":70,"f:194:9:194:22":7,"s:195:19:199:Infinity":71,"b:195:33:196:Infinity:197:6:199:Infinity":24,"b:198:8:198:Infinity:199:8:199:Infinity":25,"s:201:2:201:Infinity":72,"f:201:30:201:35":8,"s:201:48:201:70":73,"f:204:9:204:43":9,"s:205:2:205:Infinity":74,"s:206:2:206:Infinity":75,"s:207:2:207:Infinity":76,"s:208:2:208:Infinity":77,"b:209:2:211:Infinity:undefined:undefined:undefined:undefined":26,"s:209:2:211:Infinity":78,"b:209:6:209:41:209:41:209:60":27,"s:210:4:210:Infinity":79,"b:210:57:210:81:210:81:210:103":28,"s:212:2:212:Infinity":80,"s:213:2:215:Infinity":81,"s:214:4:214:Infinity":82,"s:216:2:216:Infinity":83,"s:217:2:217:Infinity":84}}}
,"C:\\Projects\\scripts\\security\\npm-supply-chain-sentinel\\src\\application\\pnpm-governance.ts": {"path":"C:\\Projects\\scripts\\security\\npm-supply-chain-sentinel\\src\\application\\pnpm-governance.ts","statementMap":{"0":{"start":{"line":43,"column":27},"end":{"line":43,"column":null}},"1":{"start":{"line":44,"column":30},"end":{"line":44,"column":null}},"2":{"start":{"line":45,"column":51},"end":{"line":45,"column":null}},"3":{"start":{"line":46,"column":54},"end":{"line":46,"column":null}},"4":{"start":{"line":228,"column":2},"end":{"line":228,"column":null}},"5":{"start":{"line":232,"column":2},"end":{"line":232,"column":null}},"6":{"start":{"line":236,"column":2},"end":{"line":236,"column":null}},"7":{"start":{"line":240,"column":18},"end":{"line":240,"column":null}},"8":{"start":{"line":241,"column":2},"end":{"line":250,"column":null}},"9":{"start":{"line":242,"column":4},"end":{"line":249,"column":null}},"10":{"start":{"line":252,"column":22},"end":{"line":252,"column":null}},"11":{"start":{"line":253,"column":16},"end":{"line":253,"column":null}},"12":{"start":{"line":254,"column":2},"end":{"line":264,"column":null}},"13":{"start":{"line":268,"column":21},"end":{"line":276,"column":null}},"14":{"start":{"line":278,"column":2},"end":{"line":293,"column":null}},"15":{"start":{"line":279,"column":4},"end":{"line":281,"column":null}},"16":{"start":{"line":280,"column":6},"end":{"line":280,"column":null}},"17":{"start":{"line":282,"column":10},"end":{"line":282,"column":null}},"18":{"start":{"line":283,"column":4},"end":{"line":285,"column":null}},"19":{"start":{"line":284,"column":6},"end":{"line":284,"column":null}},"20":{"start":{"line":286,"column":20},"end":{"line":286,"column":null}},"21":{"start":{"line":287,"column":4},"end":{"line":292,"column":null}},"22":{"start":{"line":288,"column":6},"end":{"line":291,"column":null}},"23":{"start":{"line":295,"column":2},"end":{"line":298,"column":null}},"24":{"start":{"line":302,"column":2},"end":{"line":315,"column":null}},"25":{"start":{"line":303,"column":17},"end":{"line":303,"column":null}},"26":{"start":{"line":304,"column":4},"end":{"line":306,"column":null}},"27":{"start":{"line":305,"column":6},"end":{"line":305,"column":null}},"28":{"start":{"line":307,"column":19},"end":{"line":307,"column":null}},"29":{"start":{"line":308,"column":4},"end":{"line":310,"column":null}},"30":{"start":{"line":309,"column":6},"end":{"line":309,"column":null}},"31":{"start":{"line":311,"column":20},"end":{"line":311,"column":null}},"32":{"start":{"line":312,"column":4},"end":{"line":314,"column":null}},"33":{"start":{"line":313,"column":6},"end":{"line":313,"column":null}},"34":{"start":{"line":316,"column":2},"end":{"line":316,"column":null}},"35":{"start":{"line":324,"column":20},"end":{"line":324,"column":null}},"36":{"start":{"line":325,"column":26},"end":{"line":327,"column":null}},"37":{"start":{"line":326,"column":23},"end":{"line":326,"column":71}},"38":{"start":{"line":327,"column":27},"end":{"line":327,"column":70}},"39":{"start":{"line":328,"column":19},"end":{"line":328,"column":null}},"40":{"start":{"line":330,"column":2},"end":{"line":337,"column":null}},"41":{"start":{"line":344,"column":21},"end":{"line":344,"column":null}},"42":{"start":{"line":345,"column":18},"end":{"line":345,"column":null}},"43":{"start":{"line":346,"column":20},"end":{"line":346,"column":null}},"44":{"start":{"line":346,"column":60},"end":{"line":346,"column":82}},"45":{"start":{"line":347,"column":28},"end":{"line":347,"column":null}},"46":{"start":{"line":348,"column":26},"end":{"line":348,"column":null}},"47":{"start":{"line":350,"column":2},"end":{"line":397,"column":null}},"48":{"start":{"line":351,"column":20},"end":{"line":351,"column":null}},"49":{"start":{"line":352,"column":4},"end":{"line":354,"column":null}},"50":{"start":{"line":353,"column":6},"end":{"line":353,"column":null}},"51":{"start":{"line":355,"column":10},"end":{"line":355,"column":null}},"52":{"start":{"line":356,"column":4},"end":{"line":358,"column":null}},"53":{"start":{"line":357,"column":6},"end":{"line":357,"column":null}},"54":{"start":{"line":359,"column":4},"end":{"line":361,"column":null}},"55":{"start":{"line":360,"column":6},"end":{"line":360,"column":null}},"56":{"start":{"line":363,"column":24},"end":{"line":363,"column":null}},"57":{"start":{"line":364,"column":4},"end":{"line":366,"column":null}},"58":{"start":{"line":365,"column":6},"end":{"line":365,"column":null}},"59":{"start":{"line":367,"column":4},"end":{"line":367,"column":null}},"60":{"start":{"line":369,"column":26},"end":{"line":369,"column":null}},"61":{"start":{"line":370,"column":4},"end":{"line":372,"column":null}},"62":{"start":{"line":371,"column":6},"end":{"line":371,"column":null}},"63":{"start":{"line":374,"column":18},"end":{"line":374,"column":null}},"64":{"start":{"line":375,"column":4},"end":{"line":379,"column":null}},"65":{"start":{"line":376,"column":6},"end":{"line":376,"column":null}},"66":{"start":{"line":378,"column":6},"end":{"line":378,"column":null}},"67":{"start":{"line":381,"column":4},"end":{"line":396,"column":null}},"68":{"start":{"line":382,"column":23},"end":{"line":382,"column":null}},"69":{"start":{"line":383,"column":6},"end":{"line":385,"column":null}},"70":{"start":{"line":384,"column":8},"end":{"line":384,"column":null}},"71":{"start":{"line":386,"column":6},"end":{"line":388,"column":null}},"72":{"start":{"line":387,"column":8},"end":{"line":387,"column":null}},"73":{"start":{"line":389,"column":6},"end":{"line":391,"column":null}},"74":{"start":{"line":390,"column":8},"end":{"line":390,"column":null}},"75":{"start":{"line":392,"column":6},"end":{"line":394,"column":null}},"76":{"start":{"line":393,"column":8},"end":{"line":393,"column":null}},"77":{"start":{"line":395,"column":6},"end":{"line":395,"column":null}},"78":{"start":{"line":399,"column":25},"end":{"line":399,"column":null}},"79":{"start":{"line":399,"column":70},"end":{"line":399,"column":95}},"80":{"start":{"line":400,"column":24},"end":{"line":400,"column":null}},"81":{"start":{"line":401,"column":24},"end":{"line":401,"column":null}},"82":{"start":{"line":403,"column":2},"end":{"line":409,"column":null}},"83":{"start":{"line":404,"column":21},"end":{"line":404,"column":null}},"84":{"start":{"line":405,"column":4},"end":{"line":405,"column":null}},"85":{"start":{"line":406,"column":4},"end":{"line":408,"column":null}},"86":{"start":{"line":407,"column":6},"end":{"line":407,"column":null}},"87":{"start":{"line":411,"column":2},"end":{"line":411,"column":null}},"88":{"start":{"line":413,"column":33},"end":{"line":413,"column":null}},"89":{"start":{"line":414,"column":27},"end":{"line":417,"column":null}},"90":{"start":{"line":419,"column":2},"end":{"line":430,"column":null}},"91":{"start":{"line":420,"column":4},"end":{"line":423,"column":null}},"92":{"start":{"line":421,"column":6},"end":{"line":421,"column":null}},"93":{"start":{"line":422,"column":6},"end":{"line":422,"column":null}},"94":{"start":{"line":424,"column":21},"end":{"line":424,"column":null}},"95":{"start":{"line":425,"column":4},"end":{"line":428,"column":null}},"96":{"start":{"line":426,"column":6},"end":{"line":426,"column":null}},"97":{"start":{"line":427,"column":6},"end":{"line":427,"column":null}},"98":{"start":{"line":429,"column":4},"end":{"line":429,"column":null}},"99":{"start":{"line":432,"column":2},"end":{"line":441,"column":null}},"100":{"start":{"line":445,"column":27},"end":{"line":445,"column":null}},"101":{"start":{"line":446,"column":8},"end":{"line":446,"column":null}},"102":{"start":{"line":447,"column":8},"end":{"line":447,"column":null}},"103":{"start":{"line":448,"column":2},"end":{"line":450,"column":null}},"104":{"start":{"line":449,"column":4},"end":{"line":449,"column":null}},"105":{"start":{"line":451,"column":2},"end":{"line":455,"column":null}},"106":{"start":{"line":459,"column":18},"end":{"line":459,"column":null}},"107":{"start":{"line":460,"column":2},"end":{"line":462,"column":null}},"108":{"start":{"line":461,"column":4},"end":{"line":461,"column":null}},"109":{"start":{"line":463,"column":2},"end":{"line":469,"column":null}},"110":{"start":{"line":468,"column":4},"end":{"line":468,"column":null}},"111":{"start":{"line":470,"column":2},"end":{"line":470,"column":null}},"112":{"start":{"line":478,"column":2},"end":{"line":480,"column":null}},"113":{"start":{"line":479,"column":4},"end":{"line":479,"column":null}},"114":{"start":{"line":481,"column":23},"end":{"line":481,"column":null}},"115":{"start":{"line":482,"column":2},"end":{"line":484,"column":null}},"116":{"start":{"line":483,"column":4},"end":{"line":483,"column":null}},"117":{"start":{"line":485,"column":2},"end":{"line":487,"column":null}},"118":{"start":{"line":486,"column":4},"end":{"line":486,"column":null}},"119":{"start":{"line":488,"column":2},"end":{"line":488,"column":null}},"120":{"start":{"line":496,"column":2},"end":{"line":512,"column":null}},"121":{"start":{"line":497,"column":4},"end":{"line":501,"column":null}},"122":{"start":{"line":498,"column":6},"end":{"line":500,"column":null}},"123":{"start":{"line":502,"column":4},"end":{"line":507,"column":null}},"124":{"start":{"line":503,"column":6},"end":{"line":506,"column":null}},"125":{"start":{"line":508,"column":4},"end":{"line":511,"column":null}},"126":{"start":{"line":514,"column":2},"end":{"line":518,"column":null}},"127":{"start":{"line":515,"column":4},"end":{"line":517,"column":null}},"128":{"start":{"line":519,"column":2},"end":{"line":522,"column":null}},"129":{"start":{"line":526,"column":2},"end":{"line":528,"column":null}},"130":{"start":{"line":526,"column":51},"end":{"line":527,"column":null}},"131":{"start":{"line":536,"column":16},"end":{"line":536,"column":null}},"132":{"start":{"line":537,"column":2},"end":{"line":553,"column":null}},"133":{"start":{"line":538,"column":4},"end":{"line":538,"column":null}},"134":{"start":{"line":539,"column":4},"end":{"line":552,"column":null}},"135":{"start":{"line":540,"column":6},"end":{"line":542,"column":null}},"136":{"start":{"line":541,"column":8},"end":{"line":541,"column":null}},"137":{"start":{"line":543,"column":28},"end":{"line":543,"column":null}},"138":{"start":{"line":544,"column":6},"end":{"line":546,"column":null}},"139":{"start":{"line":545,"column":8},"end":{"line":545,"column":null}},"140":{"start":{"line":547,"column":6},"end":{"line":549,"column":null}},"141":{"start":{"line":548,"column":8},"end":{"line":548,"column":null}},"142":{"start":{"line":550,"column":6},"end":{"line":550,"column":null}},"143":{"start":{"line":551,"column":6},"end":{"line":551,"column":null}},"144":{"start":{"line":561,"column":24},"end":{"line":561,"column":null}},"145":{"start":{"line":562,"column":2},"end":{"line":575,"column":null}},"146":{"start":{"line":563,"column":4},"end":{"line":565,"column":null}},"147":{"start":{"line":564,"column":6},"end":{"line":564,"column":null}},"148":{"start":{"line":566,"column":4},"end":{"line":568,"column":null}},"149":{"start":{"line":567,"column":6},"end":{"line":567,"column":null}},"150":{"start":{"line":569,"column":4},"end":{"line":571,"column":null}},"151":{"start":{"line":570,"column":6},"end":{"line":570,"column":null}},"152":{"start":{"line":572,"column":4},"end":{"line":574,"column":null}},"153":{"start":{"line":573,"column":6},"end":{"line":573,"column":null}},"154":{"start":{"line":576,"column":2},"end":{"line":576,"column":null}},"155":{"start":{"line":580,"column":46},"end":{"line":580,"column":null}},"156":{"start":{"line":581,"column":47},"end":{"line":581,"column":null}},"157":{"start":{"line":583,"column":2},"end":{"line":595,"column":null}},"158":{"start":{"line":583,"column":60},"end":{"line":583,"column":108}},"159":{"start":{"line":584,"column":27},"end":{"line":586,"column":null}},"160":{"start":{"line":585,"column":6},"end":{"line":585,"column":null}},"161":{"start":{"line":587,"column":4},"end":{"line":589,"column":null}},"162":{"start":{"line":588,"column":6},"end":{"line":588,"column":null}},"163":{"start":{"line":591,"column":4},"end":{"line":591,"column":null}},"164":{"start":{"line":592,"column":4},"end":{"line":5
[...]
06,"column":30}},"loc":{"start":{"line":206,"column":30},"end":{"line":206,"column":72}},"line":206},"4":{"name":"(anonymous_4)","decl":{"start":{"line":214,"column":53},"end":{"line":214,"column":58}},"loc":{"start":{"line":214,"column":72},"end":{"line":219,"column":12}},"line":214},"5":{"name":"(anonymous_5)","decl":{"start":{"line":236,"column":47},"end":{"line":236,"column":52}},"loc":{"start":{"line":236,"column":62},"end":{"line":236,"column":72}},"line":236},"6":{"name":"(anonymous_6)","decl":{"start":{"line":253,"column":56},"end":{"line":253,"column":61}},"loc":{"start":{"line":253,"column":71},"end":{"line":253,"column":81}},"line":253},"7":{"name":"(anonymous_7)","decl":{"start":{"line":254,"column":54},"end":{"line":254,"column":59}},"loc":{"start":{"line":254,"column":69},"end":{"line":254,"column":79}},"line":254},"8":{"name":"(anonymous_8)","decl":{"start":{"line":255,"column":54},"end":{"line":255,"column":59}},"loc":{"start":{"line":255,"column":69},"end":{"line":255,"column":79}},"line":255},"9":{"name":"renderScanLimitations","decl":{"start":{"line":265,"column":9},"end":{"line":265,"column":31}},"loc":{"start":{"line":265,"column":76},"end":{"line":305,"column":null}},"line":265},"10":{"name":"(anonymous_10)","decl":{"start":{"line":292,"column":52},"end":{"line":292,"column":58}},"loc":{"start":{"line":292,"column":74},"end":{"line":297,"column":3}},"line":292},"11":{"name":"renderHostsAudit","decl":{"start":{"line":307,"column":9},"end":{"line":307,"column":26}},"loc":{"start":{"line":307,"column":56},"end":{"line":337,"column":null}},"line":307},"12":{"name":"renderFirewallAudit","decl":{"start":{"line":339,"column":9},"end":{"line":339,"column":29}},"loc":{"start":{"line":339,"column":72},"end":{"line":378,"column":null}},"line":339}},"branchMap":{"0":{"loc":{"start":{"line":35,"column":2},"end":{"line":37,"column":null}},"type":"if","locations":[{"start":{"line":35,"column":2},"end":{"line":37,"column":null}},{"start":{},"end":{}}],"line":35},"1":{"loc":{"start":{"line":39,"column":2},"end":{"line":41,"column":null}},"type":"if","locations":[{"start":{"line":39,"column":2},"end":{"line":41,"column":null}},{"start":{},"end":{}}],"line":39},"2":{"loc":{"start":{"line":64,"column":2},"end":{"line":66,"column":null}},"type":"if","locations":[{"start":{"line":64,"column":2},"end":{"line":66,"column":null}},{"start":{},"end":{}}],"line":64},"3":{"loc":{"start":{"line":64,"column":6},"end":{"line":64,"column":63}},"type":"binary-expr","locations":[{"start":{"line":64,"column":6},"end":{"line":64,"column":41}},{"start":{"line":64,"column":41},"end":{"line":64,"column":63}}],"line":64},"4":{"loc":{"start":{"line":65,"column":37},"end":{"line":65,"column":106}},"type":"cond-expr","locations":[{"start":{"line":65,"column":60},"end":{"line":65,"column":84}},{"start":{"line":65,"column":84},"end":{"line":65,"column":106}}],"line":65},"5":{"loc":{"start":{"line":67,"column":33},"end":{"line":67,"column":64}},"type":"binary-expr","locations":[{"start":{"line":67,"column":33},"end":{"line":67,"column":56}},{"start":{"line":67,"column":56},"end":{"line":67,"column":64}}],"line":67},"6":{"loc":{"start":{"line":68,"column":33},"end":{"line":68,"column":74}},"type":"binary-expr","locations":[{"start":{"line":68,"column":33},"end":{"line":68,"column":65}},{"start":{"line":68,"column":65},"end":{"line":68,"column":74}}],"line":68},"7":{"loc":{"start":{"line":69,"column":2},"end":{"line":71,"column":null}},"type":"if","locations":[{"start":{"line":69,"column":2},"end":{"line":71,"column":null}},{"start":{},"end":{}}],"line":69},"8":{"loc":{"start":{"line":86,"column":2},"end":{"line":108,"column":null}},"type":"if","locations":[{"start":{"line":86,"column":2},"end":{"line":108,"column":null}},{"start":{},"end":{}}],"line":86},"9":{"loc":{"start":{"line":95,"column":4},"end":{"line":107,"column":null}},"type":"if","locations":[{"start":{"line":95,"column":4},"end":{"line":107,"column":null}},{"start":{},"end":{}}],"line":95},"10":{"loc":{"start":{"line":99,"column":8},"end":{"line":101,"column":null}},"type":"if","locations":[{"start":{"line":99,"column":8},"end":{"line":101,"column":null}},{"start":{},"end":{}}],"line":99},"11":{"loc":{"start":{"line":110,"column":2},"end":{"line":116,"column":null}},"type":"if","locations":[{"start":{"line":110,"column":2},"end":{"line":116,"column":null}},{"start":{},"end":{}}],"line":110},"12":{"loc":{"start":{"line":118,"column":2},"end":{"line":124,"column":null}},"type":"if","locations":[{"start":{"line":118,"column":2},"end":{"line":124,"column":null}},{"start":{},"end":{}}],"line":118},"13":{"loc":{"start":{"line":126,"column":2},"end":{"line":132,"column":null}},"type":"if","locations":[{"start":{"line":126,"column":2},"end":{"line":132,"column":null}},{"start":{},"end":{}}],"line":126},"14":{"loc":{"start":{"line":134,"column":2},"end":{"line":136,"column":null}},"type":"if","locations":[{"start":{"line":134,"column":2},"end":{"line":136,"column":null}},{"start":{},"end":{}}],"line":134},"15":{"loc":{"start":{"line":138,"column":2},"end":{"line":144,"column":null}},"type":"if","locations":[{"start":{"line":138,"column":2},"end":{"line":144,"column":null}},{"start":{},"end":{}}],"line":138},"16":{"loc":{"start":{"line":173,"column":2},"end":{"line":177,"column":null}},"type":"if","locations":[{"start":{"line":173,"column":2},"end":{"line":177,"column":null}},{"start":{},"end":{}}],"line":173},"17":{"loc":{"start":{"line":173,"column":6},"end":{"line":173,"column":41}},"type":"binary-expr","locations":[{"start":{"line":173,"column":6},"end":{"line":173,"column":24}},{"start":{"line":173,"column":24},"end":{"line":173,"column":41}}],"line":173},"18":{"loc":{"start":{"line":204,"column":12},"end":{"line":204,"column":null}},"type":"binary-expr","locations":[{"start":{"line":204,"column":12},"end":{"line":204,"column":53}},{"start":{"line":204,"column":53},"end":{"line":204,"column":null}}],"line":204},"19":{"loc":{"start":{"line":208,"column":15},"end":{"line":221,"column":null}},"type":"cond-expr","locations":[{"start":{"line":209,"column":8},"end":{"line":220,"column":null}},{"start":{"line":221,"column":8},"end":{"line":221,"column":null}}],"line":208},"20":{"loc":{"start":{"line":241,"column":20},"end":{"line":246,"column":null}},"type":"cond-expr","locations":[{"start":{"line":242,"column":10},"end":{"line":245,"column":null}},{"start":{"line":246,"column":10},"end":{"line":246,"column":null}}],"line":241},"21":{"loc":{"start":{"line":249,"column":18},"end":{"line":258,"column":null}},"type":"cond-expr","locations":[{"start":{"line":250,"column":10},"end":{"line":257,"column":null}},{"start":{"line":258,"column":10},"end":{"line":258,"column":null}}],"line":249},"22":{"loc":{"start":{"line":272,"column":4},"end":{"line":275,"column":null}},"type":"if","locations":[{"start":{"line":272,"column":4},"end":{"line":275,"column":null}},{"start":{},"end":{}}],"line":272},"23":{"loc":{"start":{"line":272,"column":8},"end":{"line":272,"column":95}},"type":"binary-expr","locations":[{"start":{"line":272,"column":8},"end":{"line":272,"column":26}},{"start":{"line":272,"column":26},"end":{"line":272,"column":95}}],"line":272},"24":{"loc":{"start":{"line":279,"column":40},"end":{"line":283,"column":null}},"type":"binary-expr","locations":[{"start":{"line":279,"column":40},"end":{"line":279,"column":68}},{"start":{"line":279,"column":68},"end":{"line":283,"column":null}}],"line":279},"25":{"loc":{"start":{"line":293,"column":4},"end":{"line":295,"column":null}},"type":"if","locations":[{"start":{"line":293,"column":4},"end":{"line":295,"column":null}},{"start":{},"end":{}}],"line":293},"26":{"loc":{"start":{"line":298,"column":17},"end":{"line":300,"column":null}},"type":"cond-expr","locations":[{"start":{"line":299,"column":8},"end":{"line":299,"column":null}},{"start":{"line":300,"column":8},"end":{"line":300,"column":null}}],"line":298},"27":{"loc":{"start":{"line":299,"column":8},"end":{"line":299,"column":null}},"type":"cond-expr","locations":[{"start":{"line":299,"column":28},"end":{"line":299,"column":48}},{"start":{"line":299,"column":48},"end":{"line":299,"column":null}}],"line":299},"28":{"loc":{"start":{"line":300,"column":8},"end":{"line":300,"column":null}},"type":"cond-expr","locations":[{"start":{"line":300,"column":28},"end":{"line":300,"column":53}},{"start":{"line":300,"column":53},"end":{"line":300,"column":null}}],"line":300},"29":{"loc":{"start":{"line":309,"column":2},"end":{"line":315,"column":null}},"type":"if","locations":[{"start":{"line":309,"column":2},"end":{"line":315,"column":null}},{"start":{},"end":{}}],"line":309},"30":{"loc":{"start":{"line":317,"column":2},"end":{"line":323,"column":null}},"type":"if","locations":[{"start":{"line":317,"column":2},"end":{"line":323,"column":null}},{"start":{},"end":{}}],"line":317},"31":{"loc":{"start":{"line":328,"column":2},"end":{"line":332,"column":null}},"type":"if","locations":[{"start":{"line":328,"column":2},"end":{"line":332,"column":null}},{"start":{},"end":{}}],"line":328},"32":{"loc":{"start":{"line":340,"column":2},"end":{"line":342,"column":null}},"type":"if","locations":[{"start":{"line":340,"column":2},"end":{"line":342,"column":null}},{"start":{},"end":{}}],"line":340},"33":{"loc":{"start":{"line":345,"column":2},"end":{"line":351,"column":null}},"type":"if","locations":[{"start":{"line":345,"column":2},"end":{"line":351,"column":null}},{"start":{},"end":{}}],"line":345},"34":{"loc":{"start":{"line":347,"column":60},"end":{"line":347,"column":119}},"type":"binary-expr","locations":[{"start":{"line":347,"column":60},"end":{"line":347,"column":83}},{"start":{"line":347,"column":83},"end":{"line":347,"column":119}}],"line":347},"35":{"loc":{"start":{"line":352,"column":2},"end":{"line":356,"column":null}},"type":"if","locations":[{"start":{"line":352,"column":2},"end":{"line":356,"column":null}},{"start":{},"end":{}}],"line":352},"36":{"loc":{"start":{"line":353,"column":18},"end":{"line":353,"column":null}},"type":"cond-expr","locations":[{"start":{"line":353,"column":52},"end":{"line":353,"column":63}},{"start":{"line":353,"column":63},"end":{"line":353,"column":null}}],"line":353},"37":{"loc":{"start":{"line":354,"column":19},"end":{"line":354,"column":null}},"type":"cond-expr","locations":[{"start":{"line":354,"column":53},"end":{"line":354,"column":74}},{"start":{"line":354,"column":74},"end":{"line":354,"column":null}}],"line":354},"38":{"loc":{"start":{"line":357,"column":2},"end":{"line":359,"column":null}},"type":"if","locations":[{"start":{"line":357,"column":2},"end":{"line":359,"column":null}},{"start":{},"end":{}}],"line":357},"39":{"loc":{"start":{"line":366,"column":4},"end":{"line":370,"column":null}},"type":"if","locations":[{"start":{"line":366,"column":4},"end":{"line":370,"column":null}},{"start":{},"end":{}}],"line":366},"40":{"loc":{"start":{"line":366,"column":8},"end":{"line":366,"column":76}},"type":"binary-expr","locations":[{"start":{"line":366,"column":8},"end":{"line":366,"column":43}},{"start":{"line":366,"column":43},"end":{"line":366,"column":76}}],"line":366},"41":{"loc":{"start":{"line":367,"column":19},"end":{"line":367,"column":null}},"type":"cond-expr","locations":[{"start":{"line":367,"column":53},"end":{"line":367,"column":65}},{"start":{"line":367,"column":65},"end":{"line":367,"column":null}}],"line":367},"42":{"loc":{"start":{"line":371,"column":4},"end":{"line":374,"column":null}},"type":"if","locations":[{"start":{"line":371,"column":4},"end":{"line":374,"column":null}},{"start":{},"end":{}}],"line":371}},"s":{"0":0,"1":0,"2":0,"3":0,"4":0,"5":0,"6":0,"7":0,"8":0,"9":0,"10":0,"11":0,"12":0,"13":0,"14":0,"15":0,"16":0,"17":0,"18":0,"19":0,"20":0,"21":0,"22":0,"23":0,"24":0,"25":0,"26":0,"27":0,"28":0,"29":0,"30":0,"31":0,"32":0,"33":0,"34":0,"35":0,"36":0,"37":0,"38":0,"39":0,"40":0,"41":0,"42":0,"43":0,"44":0,"45":0,"46":0,"47":0,"48":0,"49":0,"50":0,"51":0,"52":0,"53":0,"54":0,"55":0,"56":0,"57":0,"58":0,"59":0,"60":0,"61":0,"62":0,"63":0,"64":0,"65":0,"66":0,"67":0,"68":0,"69":0,"70":0,"71":0,"72":0,"73":0,"74":0,"75":0,"76":0,"77":0,"78":0,"79":0,"80":0,"81":0,"82":0,"83":0,"84":0,"85":0,"86":0,"87":0,"88":0,"89":0,"90":0,"91":0,"92":0,"93":0,"94":0,"95":0,"96":0,"97":0,"98":0,"99":0,"100":0,"101":0,"102":0,"103":0,"104":0,"105":0,"106":0,"107":0,"108":0,"109":0,"110":0,"111":0,"112":0,"113":0,"114":0,"115":0,"116":0,"117":0,"118":0,"119":0,"120":0,"121":0,"122":0,"123":0,"124":0,"125":0,"126":0,"127":0,"128":0,"129":0,"130":0,"131":0,"132":0,"133":0,"134":0,"135":0,"136":0,"137":0,"138":0,"139":0,"140":0,"141":0,"142":0,"143":0,"144":0,"145":0,"146":0,"147":0,"148":0,"149":0,"150":0,"151":0,"152":0,"153":0,"154":0,"155":0,"156":0,"157":0},"f":{"0":0,"1":0,"2":0,"3":0,"4":0,"5":0,"6":0,"7":0,"8":0,"9":0,"10":0,"11":0,"12":0},"b":{"0":[0,0],"1":[0,0],"2":[0,0],"3":[0,0],"4":[0,0],"5":[0,0],"6":[0,0],"7":[0,0],"8":[0,0],"9":[0,0],"10":[0,0],"11":[0,0],"12":[0,0],"13":[0,0],"14":[0,0],"15":[0,0],"16":[0,0],"17":[0,0],"18":[0,0],"19":[0,0],"20":[0,0],"21":[0,0],"22":[0,0],"23":[0,0],"24":[0,0],"25":[0,0],"26":[0,0],"27":[0,0],"28":[0,0],"29":[0,0],"30":[0,0],"31":[0,0],"32":[0,0],"33":[0,0],"34":[0,0],"35":[0,0],"36":[0,0],"37":[0,0],"38":[0,0],"39":[0,0],"40":[0,0],"41":[0,0],"42":[0,0]},"meta":{"lastBranch":43,"lastFunction":13,"lastStatement":158,"seen":{"f:34:16:34:25":0,"b:35:2:37:Infinity:undefined:undefined:undefined:undefined":0,"s:35:2:37:Infinity":0,"s:36:4:36:Infinity":1,"s:38:16:38:Infinity":2,"b:39:2:41:Infinity:undefined:undefined:undefined:undefined":1,"s:39:2:41:Infinity":3,"s:40:4:40:Infinity":4,"s:42:2:42:Infinity":5,"f:45:16:45:Infinity":1,"s:57:70:57:Infinity":6,"s:59:2:59:Infinity":7,"s:60:2:60:Infinity":8,"s:61:2:61:Infinity":9,"s:62:2:62:Infinity":10,"s:63:2:63:Infinity":11,"b:64:2:66:Infinity:undefined:undefined:undefined:undefined":2,"s:64:2:66:Infinity":12,"b:64:6:64:41:64:41:64:63":3,"s:65:4:65:Infinity":13,"b:65:60:65:84:65:84:65:106":4,"s:67:2:67:Infinity":14,"b:67:33:67:56:67:56:67:64":5,"s:68:2:68:Infinity":15,"b:68:33:68:65:68:65:68:74":6,"b:69:2:71:Infinity:undefined:undefined:undefined:undefined":7,"s:69:2:71:Infinity":16,"s:70:4:70:Infinity":17,"s:72:2:72:Infinity":18,"s:73:2:73:Infinity":19,"s:74:2:74:Infinity":20,"s:75:2:75:Infinity":21,"s:76:2:76:Infinity":22,"s:77:2:77:Infinity":23,"s:78:2:78:Infinity":24,"s:79:2:79:Infinity":25,"s:80:2:80:Infinity":26,"s:81:2:83:Infinity":27,"s:84:2:84:Infinity":28,"b:86:2:108:Infinity:undefined:undefined:undefined:undefined":8,"s:86:2:108:Infinity":29,"s:87:4:87:Infinity":30,"s:88:4:88:Infinity":31,"s:89:4:89:Infinity":32,"s:90:4:90:Infinity":33,"s:91:4:91:Infinity":34,"s:92:4:92:Infinity":35,"s:93:4:93:Infinity":36,"b:95:4:107:Infinity:undefined:undefined:undefined:undefined":9,"s:95:4:107:Infinity":37,"s:96:6:96:Infinity":38,"s:97:6:105:Infinity":39,"s:98:26:98:Infinity":40,"b:99:8:101:Infinity:undefined:undefined:undefined:undefined":10,"s:99:8:101:Infinity":41,"s:100:10:100:Infinity":42,"s:102:8:104:Infinity":43,"s:106:6:106:Infinity":44,"b:110:2:116:Infinity:undefined:undefined:undefined:undefined":11,"s:110:2:116:Infinity":45,"s:111:4:111:Infinity":46,"s:112:4:114:Infinity":47,"s:113:6:113:Infinity":48,"s:115:4:115:Infinity":49,"b:118:2:124:Infinity:undefined:undefined:undefined:undefined":12,"s:118:2:124:Infinity":50,"s:119:4:119:Infinity":51,"s:120:4:122:Infinity":52,"s:121:6:121:Infinity":53,"s:123:4:123:Infinity":54,"b:126:2:132:Infinity:undefined:undefined:undefined:undefined":13,"s:126:2:132:Infinity":55,"s:127:4:127:Infinity":56,"s:128:4:130:Infinity":57,"s:129:6:129:Infinity":58,"s:131:4:131:Infinity":59,"b:134:2:136:Infinity:undefined:undefined:undefined:undefined":14,"s:134:2:136:Infinity":60,"s:135:4:135:Infinity":61,"b:138:2:144:Infinity:undefined:undefined:undefined:undefined":15,"s:138:2:144:Infinity":62,"s:139:4:139:Infinity":63,"s:140:4:142:Infinity":64,"s:141:6:141:Infinity":65,"s:143:4:143:Infinity":66,"s:146:2:146:Infinity":67,"s:148:2:148:Infinity":68,"s:149:2:151:Infinity":69,"s:150:4:150:Infinity":70,"s:152:2:152:Infinity":71,"s:153:2:153:Infinity":72,"s:155:2:155:Infinity":73,"s:156:2:158:Infinity":74,"s:157:4:157:Infinity":75,"s:159:2:159:Infinity":76,"s:160:2:160:Infinity":77,"s:162:2:162:Infinity":78,"s:163:2:165:Infinity":79,"s:164:4:164:Infinity":80,"s:166:2:166:Infinity":81,"s:168:2:170:Infinity":82,"s:169:4:169:Infinity":83,"s:171:2:171:Infinity":84,"b:173:2:177:Infinity:undefined:undefined:undefined:undefined":16,"s:173:2:177:Infinity":85,"b:173:6:173:24:173:24:173:41":17,"s:174:4:174:Infinity":86,"s:175:4:175:Infinity":87,"s:176:4:176:Infinity":88,"f:180:16:180:Infinity":2,"s:192:8:192:Infinity":89,"s:193:2:262:Infinity":90,"b:204:12:204:53:204:53:204:Infinity":18,"f:206:25:206:30":3,"s:206:30:206:72":91,"b:209:8:220:Infinity:221:8:221:Infinity":19,"f:214:53:214:58":4,"s:214:72:219:12":92,"f:236:47:236:52":5,"s:236:62:236:72":93,"b:242:10:245:Infinity:246:10:246:Infinity":20,"b:250:10:257:Infinity:258:10:258:Infinity":21,"f:253:56:253:61":6,"s:253:71:253:81":94,"f:254:54:254:59":7,"s:254:69:254:79":95,"f:255:54:255:59":8,"s:255:69:255:79":96,"f:265:9:265:31":9,"s:266:2:266:Infinity":97,"s:268:42:268:Infinity":98,"s:269:26:269:Infinity":99,"s:271:2:286:Infinity":100,"b:272:4:275:Infinity:undefined:undefined:undefined:undefined":22,"s:272:4:275:Infinity":101,"b:272:8:272:26:272:26:272:95":23,"s:273:6:273:Infinity":102,"s:274:6:274:Infinity":103,"s:277:10:277:Infinity":104,"s:278:16:278:Infinity":105,"s:279:40:283:Infinity":106,"b:279:40:279:68:279:68:283:Infinity":24,"s:284:4:284:Infinity":107,"s:285:4:285:Infinity":108,"s:288:2:290:Infinity":109,"s:289:4:289:Infinity":110,"s:292:2:302:Infinity":111,"f:292:52:292:58":10,"b:293:4:295:Infinity:undefined:undefined:undefined:undefined":25,"s:293:4:295:Infinity":112,"s:294:6:294:Infinity":113,"s:296:4:296:Infinity":114,"s:298:17:300:Infinity":115,"b:299:8:299:Infinity:300:8:300:Infinity":26,"b:299:28:299:48:299:48:299:Infinity":27,"b:300:28:300:53:300:53:300:Infinity":28,"s:301:4:301:Infinity":116,"s:304:2:304:Infinity":117,"f:307:9:307:26":11,"s:308:2:308:Infinity":118,"b:309:2:315:Infinity:undefined:undefined:undefined:undefined":29,"s:309:2:315:Infinity":119,"s:310:4:312:Infinity":120,"s:313:4:313:Infinity":121,"s:314:4:314:Infinity":122,"b:317:2:323:Infinity:undefined:undefined:undefined:undefined":30,"s:317:2:323:Infinity":123,"s:318:4:320:Infinity":124,"s:321:4:321:Infinity":125,"s:322:4:322:Infinity":126,"s:325:2:327:Infinity":127,"b:328:2:332:Infinity:undefined:undefined:undefined:undefined":31,"s:328:2:332:Infinity":128,"s:329:4:331:Infinity":129,"s:333:2:335:Infinity":130,"s:334:4:334:Infinity":131,"s:336:2:336:Infinity":132,"f:339:9:339:29":12,"b:340:2:342:Infinity:undefined:undefined:undefined:undefined":32,"s:340:2:342:Infinity":133,"s:341:4:341:Infinity":134,"s:344:2:344:Infinity":135,"b:345:2:351:Infinity:undefined:undefined:undefined:undefined":33,"s:345:2:351:Infinity":136,"s:346:4:348:Infinity":137,"b:347:60:347:83:347:83:347:119":34,"s:349:4:349:Infinity":138,"s:350:4:350:Infinity":139,"b:352:2:356:Infinity:undefined:undefined:undefined:undefined":35,"s:352:2:356:Infinity":140,"s:353:18:353:Infinity":141,"b:353:52:353:63:353:63:353:Infinity":36,"s:354:19:354:Infinity":142,"b:354:53:354:74:354:74:354:Infinity":37,"s:355:4:355:Infinity":143,"b:357:2:359:Infinity:undefined:undefined:undefined:undefined":38,"s:357:2:359:Infinity":144,"s:358:4:358:Infinity":145,"s:361:2:363:Infinity":146,"s:362:4:362:Infinity":147,"s:365:2:376:Infinity":148,"b:366:4:370:Infinity:undefined:undefined:undefined:undefined":39,"s:366:4:370:Infinity":149,"b:366:8:366:43:366:43:366:76":40,"s:367:19:367:Infinity":150,"b:367:53:367:65:367:65:367:Infinity":41,"s:368:6:368:Infinity":151,"s:369:6:369:Infinity":152,"b:371:4:374:Infinity:undefined:undefined:undefined:undefined":42,"s:371:4:374:Infinity":153,"s:372:6:372:Infinity":154,"s:373:6:373:Infinity":155,"s:375:4:375:Infinity":156,"s:377:2:377:Infinity":157}}}
}
